#
# There is insufficient memory for the Java Runtime Environment to continue.
# Native memory allocation (mmap) failed to map 67108864 bytes for Failed to commit area from 0x0000000087c00000 to 0x000000008bc00000 of length 67108864.
# Possible reasons:
#   The system is out of physical RAM or swap space
#   The process is running with CompressedOops enabled, and the Java Heap may be blocking the growth of the native heap
# Possible solutions:
#   Reduce memory load on the system
#   Increase physical memory or swap space
#   Check if swap backing store is full
#   Decrease Java heap size (-Xmx/-Xms)
#   Decrease number of Java threads
#   Decrease Java thread stack sizes (-Xss)
#   Set larger code cache with -XX:ReservedCodeCacheSize=
#   JVM is running with Unscaled Compressed Oops mode in which the Java heap is
#     placed in the first 4GB address space. The Java Heap base address is the
#     maximum limit for the native heap growth. Please use -XX:HeapBaseMinAddress
#     to set the Java Heap base and to place the Java Heap above 4GB virtual address.
# This output file may be truncated or incomplete.
#
#  Out of Memory Error (src/hotspot/os/windows/os_windows.cpp:3627), pid=11980, tid=9428
#
# JRE version: OpenJDK Runtime Environment (11.0.15) (build 11.0.15+0-b2043.56-9505619)
# Java VM: OpenJDK 64-Bit Server VM (11.0.15+0-b2043.56-9505619, mixed mode, tiered, compressed oops, g1 gc, windows-amd64)
# No core dump will be written. Minidumps are not enabled by default on client versions of Windows
#

---------------  S U M M A R Y ------------

Command Line: --add-opens=java.base/java.util=ALL-UNNAMED --add-opens=java.base/java.lang=ALL-UNNAMED --add-opens=java.base/java.lang.invoke=ALL-UNNAMED --add-opens=java.base/java.util=ALL-UNNAMED --add-opens=java.prefs/java.util.prefs=ALL-UNNAMED --add-opens=java.prefs/java.util.prefs=ALL-UNNAMED --add-opens=java.base/java.nio.charset=ALL-UNNAMED --add-opens=java.base/java.net=ALL-UNNAMED --add-opens=java.base/java.util.concurrent.atomic=ALL-UNNAMED -Xmx2048m -Dfile.encoding=UTF-8 -Duser.country=PE -Duser.language=es -Duser.variant org.gradle.launcher.daemon.bootstrap.GradleDaemon 7.5

Host: 12th Gen Intel(R) Core(TM) i3-12100, 2 cores, 7G,  Windows 10 , 64 bit Build 19041 (10.0.19041.4717)
Time: Thu Aug 29 12:44:58 2024 Hora est. Pacífico, Sudamérica elapsed time: 9.156404 seconds (0d 0h 0m 9s)

---------------  T H R E A D  ---------------

Current thread (0x00000286b7239000):  VMThread "VM Thread" [stack: 0x0000009147100000,0x0000009147200000] [id=9428]

Stack: [0x0000009147100000,0x0000009147200000]
[error occurred during error reporting (printing stack bounds), id 0xc0000005, EXCEPTION_ACCESS_VIOLATION (0xc0000005) at pc=0x00000286a149112d]

Native frames: (J=compiled Java code, j=interpreted, Vv=VM code, C=native code)
V  [jvm.dll+0x64135a]
V  [jvm.dll+0x7d39f9]
V  [jvm.dll+0x7d51b9]
V  [jvm.dll+0x7d5805]
V  [jvm.dll+0x7d57bb]
V  [jvm.dll+0x640655]
V  [jvm.dll+0x640d68]
C  [ntdll.dll+0xa292f]
C  [ntdll.dll+0x52554]
C  [ntdll.dll+0xa143e]
C  0x00000286a149112d

VM_Operation (0x00000091484f4d10): G1CollectForAllocation, mode: safepoint, requested by thread 0x00000286b9da8800


---------------  P R O C E S S  ---------------

Threads class SMR info:
_java_thread_list=0x00000286bac4ef90, length=33, elements={
0x000002869d96a800, 0x00000286b7242000, 0x00000286b7243000, 0x00000286b7ad2800,
0x00000286b725b000, 0x00000286b725c800, 0x00000286b725f800, 0x00000286b7289800,
0x00000286b728c800, 0x00000286b7b6f000, 0x00000286b9ac0800, 0x00000286b93e5800,
0x00000286b9ef1000, 0x00000286b8b9c800, 0x00000286b8cd0800, 0x00000286b9adf800,
0x00000286b9da8800, 0x00000286b9da9000, 0x00000286b9d9d000, 0x00000286b9209800,
0x00000286b9f9c000, 0x00000286b9fa1000, 0x00000286b9f9b800, 0x00000286b9fa2000,
0x00000286b9f9d800, 0x00000286b9f9e800, 0x00000286b9f9d000, 0x00000286b9f9f800,
0x00000286b9fa0000, 0x00000286b9f76800, 0x00000286b9f79000, 0x00000286b9f74800,
0x00000286b9f79800
}

Java Threads: ( => current thread )
  0x000002869d96a800 JavaThread "main" [_thread_blocked, id=14108, stack(0x0000009146a00000,0x0000009146b00000)]
  0x00000286b7242000 JavaThread "Reference Handler" daemon [_thread_blocked, id=11600, stack(0x0000009147200000,0x0000009147300000)]
  0x00000286b7243000 JavaThread "Finalizer" daemon [_thread_blocked, id=11536, stack(0x0000009147300000,0x0000009147400000)]
  0x00000286b7ad2800 JavaThread "Signal Dispatcher" daemon [_thread_blocked, id=6564, stack(0x0000009147400000,0x0000009147500000)]
  0x00000286b725b000 JavaThread "Attach Listener" daemon [_thread_blocked, id=5572, stack(0x0000009147500000,0x0000009147600000)]
  0x00000286b725c800 JavaThread "Service Thread" daemon [_thread_blocked, id=1804, stack(0x0000009147600000,0x0000009147700000)]
  0x00000286b725f800 JavaThread "C2 CompilerThread0" daemon [_thread_blocked, id=532, stack(0x0000009147700000,0x0000009147800000)]
  0x00000286b7289800 JavaThread "C1 CompilerThread0" daemon [_thread_blocked, id=1748, stack(0x0000009147800000,0x0000009147900000)]
  0x00000286b728c800 JavaThread "Sweeper thread" daemon [_thread_blocked, id=12312, stack(0x0000009147900000,0x0000009147a00000)]
  0x00000286b7b6f000 JavaThread "Common-Cleaner" daemon [_thread_blocked, id=8880, stack(0x0000009147a00000,0x0000009147b00000)]
  0x00000286b9ac0800 JavaThread "Daemon health stats" [_thread_blocked, id=9584, stack(0x0000009147d00000,0x0000009147e00000)]
  0x00000286b93e5800 JavaThread "Incoming local TCP Connector on port 61676" [_thread_in_native, id=1168, stack(0x0000009147e00000,0x0000009147f00000)]
  0x00000286b9ef1000 JavaThread "Daemon periodic checks" [_thread_blocked, id=12128, stack(0x0000009148000000,0x0000009148100000)]
  0x00000286b8b9c800 JavaThread "Daemon" [_thread_blocked, id=8180, stack(0x0000009148100000,0x0000009148200000)]
  0x00000286b8cd0800 JavaThread "Handler for socket connection from /127.0.0.1:61676 to /127.0.0.1:61677" [_thread_in_native, id=10908, stack(0x0000009148200000,0x0000009148300000)]
  0x00000286b9adf800 JavaThread "Cancel handler" [_thread_blocked, id=14252, stack(0x0000009148300000,0x0000009148400000)]
  0x00000286b9da8800 JavaThread "Daemon worker" [_thread_blocked, id=616, stack(0x0000009148400000,0x0000009148500000)]
  0x00000286b9da9000 JavaThread "Asynchronous log dispatcher for DefaultDaemonConnection: socket connection from /127.0.0.1:61676 to /127.0.0.1:61677" [_thread_blocked, id=6044, stack(0x0000009148500000,0x0000009148600000)]
  0x00000286b9d9d000 JavaThread "Stdin handler" [_thread_blocked, id=8356, stack(0x0000009148600000,0x0000009148700000)]
  0x00000286b9209800 JavaThread "Daemon client event forwarder" [_thread_blocked, id=13700, stack(0x0000009148700000,0x0000009148800000)]
  0x00000286b9f9c000 JavaThread "Cache worker for journal cache (C:\Users\Administrador\.gradle\caches\journal-1)" [_thread_blocked, id=10652, stack(0x0000009148800000,0x0000009148900000)]
  0x00000286b9fa1000 JavaThread "File lock request listener" [_thread_in_native, id=12016, stack(0x0000009148900000,0x0000009148a00000)]
  0x00000286b9f9b800 JavaThread "Cache worker for file hash cache (C:\Users\Administrador\.gradle\caches\7.5\fileHashes)" [_thread_blocked, id=13160, stack(0x0000009148a00000,0x0000009148b00000)]
  0x00000286b9fa2000 JavaThread "File watcher server" daemon [_thread_in_native, id=10252, stack(0x0000009148b00000,0x0000009148c00000)]
  0x00000286b9f9d800 JavaThread "File watcher consumer" daemon [_thread_blocked, id=6404, stack(0x0000009148c00000,0x0000009148d00000)]
  0x00000286b9f9e800 JavaThread "jar transforms" [_thread_blocked, id=2276, stack(0x0000009148d00000,0x0000009148e00000)]
  0x00000286b9f9d000 JavaThread "jar transforms Thread 2" [_thread_blocked, id=12628, stack(0x0000009148e00000,0x0000009148f00000)]
  0x00000286b9f9f800 JavaThread "Cache worker for checksums cache (C:\Users\Administrador\AndroidStudioProjects\Liquid\.gradle\7.5\checksums)" [_thread_blocked, id=1308, stack(0x0000009148f00000,0x0000009149000000)]
  0x00000286b9fa0000 JavaThread "Cache worker for cache directory md-rule (C:\Users\Administrador\.gradle\caches\7.5\md-rule)" [_thread_blocked, id=10560, stack(0x0000009149000000,0x0000009149100000)]
  0x00000286b9f76800 JavaThread "Cache worker for file content cache (C:\Users\Administrador\.gradle\caches\7.5\fileContent)" [_thread_blocked, id=6780, stack(0x0000009149100000,0x0000009149200000)]
  0x00000286b9f79000 JavaThread "Cache worker for file hash cache (C:\Users\Administrador\AndroidStudioProjects\Liquid\.gradle\7.5\fileHashes)" [_thread_blocked, id=4952, stack(0x0000009149200000,0x0000009149300000)]
  0x00000286b9f74800 JavaThread "Cache worker for cache directory md-supplier (C:\Users\Administrador\.gradle\caches\7.5\md-supplier)" [_thread_blocked, id=5488, stack(0x0000009149300000,0x0000009149400000)]
  0x00000286b9f79800 JavaThread "Cache worker for execution history cache (C:\Users\Administrador\.gradle\caches\7.5\executionHistory)" [_thread_blocked, id=1476, stack(0x0000009149400000,0x0000009149500000)]

Other Threads:
=>0x00000286b7239000 VMThread "VM Thread" [stack: 0x0000009147100000,0x0000009147200000] [id=9428]
  0x00000286b7b7c000 WatcherThread [stack: 0x0000009147b00000,0x0000009147c00000] [id=11700]
  0x000002869d982800 GCTaskThread "GC Thread#0" [stack: 0x0000009146c00000,0x0000009146d00000] [id=13744]
  0x00000286b7d4f800 GCTaskThread "GC Thread#1" [stack: 0x0000009147c00000,0x0000009147d00000] [id=7508]
  0x000002869d9b3800 ConcurrentGCThread "G1 Main Marker" [stack: 0x0000009146d00000,0x0000009146e00000] [id=9840]
  0x000002869d9b5000 ConcurrentGCThread "G1 Conc#0" [stack: 0x0000009146e00000,0x0000009146f00000] [id=11820]
  0x000002869da38000 ConcurrentGCThread "G1 Refine#0" [stack: 0x0000009146f00000,0x0000009147000000] [id=6964]
  0x00000286b8388800 ConcurrentGCThread "G1 Refine#1" [stack: 0x0000009147f00000,0x0000009148000000] [id=5744]
  0x000002869da39000 ConcurrentGCThread "G1 Young RemSet Sampling" [stack: 0x0000009147000000,0x0000009147100000] [id=9152]

Threads with active compile tasks:
C2 CompilerThread0     9162 3833   !   4       jdk.internal.loader.Resource::getBytes (242 bytes)

VM state:at safepoint (normal execution)

VM Mutex/Monitor currently owned by a thread:  ([mutex/lock_event])
[0x000002869b92b4f0] Threads_lock - owner thread: 0x00000286b7239000
[0x000002869b92b970] Heap_lock - owner thread: 0x00000286b9da8800

Heap address: 0x0000000080000000, size: 2048 MB, Compressed Oops mode: 32-bit
Narrow klass base: 0x0000000000000000, Narrow klass shift: 3
Compressed class space size: 1073741824 Address: 0x0000000100000000

Heap:
 garbage-first heap   total 192512K, used 60341K [0x0000000080000000, 0x0000000100000000)
  region size 1024K, 3 young (3072K), 3 survivors (3072K)
 Metaspace       used 43280K, capacity 44350K, committed 44496K, reserved 1087488K
  class space    used 5506K, capacity 5928K, committed 6016K, reserved 1048576K
Heap Regions: E=young(eden), S=young(survivor), O=old, HS=humongous(starts), HC=humongous(continues), CS=collection set, F=free, A=archive, TAMS=top-at-mark-start (previous, next)
|   0|0x0000000080000000, 0x0000000080100000, 0x0000000080100000|100%| O|  |TAMS 0x0000000080100000, 0x0000000080000000| Untracked 
|   1|0x0000000080100000, 0x0000000080200000, 0x0000000080200000|100%| O|  |TAMS 0x0000000080200000, 0x0000000080100000| Untracked 
|   2|0x0000000080200000, 0x0000000080300000, 0x0000000080300000|100%| O|  |TAMS 0x0000000080300000, 0x0000000080200000| Untracked 
|   3|0x0000000080300000, 0x0000000080400000, 0x0000000080400000|100%| O|  |TAMS 0x0000000080400000, 0x0000000080300000| Untracked 
|   4|0x0000000080400000, 0x0000000080500000, 0x0000000080500000|100%|HS|  |TAMS 0x0000000080500000, 0x0000000080400000| Complete 
|   5|0x0000000080500000, 0x0000000080600000, 0x0000000080600000|100%|HC|  |TAMS 0x0000000080600000, 0x0000000080500000| Complete 
|   6|0x0000000080600000, 0x0000000080700000, 0x0000000080700000|100%|HC|  |TAMS 0x0000000080700000, 0x0000000080600000| Complete 
|   7|0x0000000080700000, 0x0000000080800000, 0x0000000080800000|100%| O|  |TAMS 0x0000000080800000, 0x0000000080700000| Untracked 
|   8|0x0000000080800000, 0x0000000080900000, 0x0000000080900000|100%| O|  |TAMS 0x0000000080900000, 0x0000000080800000| Untracked 
|   9|0x0000000080900000, 0x0000000080a00000, 0x0000000080a00000|100%| O|  |TAMS 0x0000000080a00000, 0x0000000080900000| Untracked 
|  10|0x0000000080a00000, 0x0000000080b00000, 0x0000000080b00000|100%| O|  |TAMS 0x0000000080b00000, 0x0000000080a00000| Untracked 
|  11|0x0000000080b00000, 0x0000000080c00000, 0x0000000080c00000|100%| O|  |TAMS 0x0000000080c00000, 0x0000000080b00000| Untracked 
|  12|0x0000000080c00000, 0x0000000080d00000, 0x0000000080d00000|100%| O|  |TAMS 0x0000000080d00000, 0x0000000080c00000| Untracked 
|  13|0x0000000080d00000, 0x0000000080e00000, 0x0000000080e00000|100%| O|  |TAMS 0x0000000080e00000, 0x0000000080d00000| Untracked 
|  14|0x0000000080e00000, 0x0000000080f00000, 0x0000000080f00000|100%| O|  |TAMS 0x0000000080f00000, 0x0000000080e00000| Untracked 
|  15|0x0000000080f00000, 0x0000000081000000, 0x0000000081000000|100%|HS|  |TAMS 0x0000000081000000, 0x0000000080f00000| Complete 
|  16|0x0000000081000000, 0x0000000081100000, 0x0000000081100000|100%|HC|  |TAMS 0x0000000081100000, 0x0000000081000000| Complete 
|  17|0x0000000081100000, 0x0000000081200000, 0x0000000081200000|100%|HS|  |TAMS 0x0000000081200000, 0x0000000081100000| Complete 
|  18|0x0000000081200000, 0x0000000081300000, 0x0000000081300000|100%|HC|  |TAMS 0x0000000081300000, 0x0000000081200000| Complete 
|  19|0x0000000081300000, 0x0000000081400000, 0x0000000081400000|100%|HC|  |TAMS 0x0000000081400000, 0x0000000081300000| Complete 
|  20|0x0000000081400000, 0x0000000081500000, 0x0000000081500000|100%|HS|  |TAMS 0x0000000081500000, 0x0000000081400000| Complete 
|  21|0x0000000081500000, 0x0000000081600000, 0x0000000081600000|100%|HC|  |TAMS 0x0000000081600000, 0x0000000081500000| Complete 
|  22|0x0000000081600000, 0x0000000081700000, 0x0000000081700000|100%|HC|  |TAMS 0x0000000081700000, 0x0000000081600000| Complete 
|  23|0x0000000081700000, 0x0000000081800000, 0x0000000081800000|100%|HS|  |TAMS 0x0000000081800000, 0x0000000081700000| Complete 
|  24|0x0000000081800000, 0x0000000081900000, 0x0000000081900000|100%|HC|  |TAMS 0x0000000081900000, 0x0000000081800000| Complete 
|  25|0x0000000081900000, 0x0000000081a00000, 0x0000000081a00000|100%|HS|  |TAMS 0x0000000081a00000, 0x0000000081900000| Complete 
|  26|0x0000000081a00000, 0x0000000081b00000, 0x0000000081b00000|100%|HC|  |TAMS 0x0000000081b00000, 0x0000000081a00000| Complete 
|  27|0x0000000081b00000, 0x0000000081c00000, 0x0000000081c00000|100%|HC|  |TAMS 0x0000000081c00000, 0x0000000081b00000| Complete 
|  28|0x0000000081c00000, 0x0000000081d00000, 0x0000000081d00000|100%|HC|  |TAMS 0x0000000081d00000, 0x0000000081c00000| Complete 
|  29|0x0000000081d00000, 0x0000000081e00000, 0x0000000081e00000|100%|HC|  |TAMS 0x0000000081e00000, 0x0000000081d00000| Complete 
|  30|0x0000000081e00000, 0x0000000081f00000, 0x0000000081f00000|100%|HC|  |TAMS 0x0000000081f00000, 0x0000000081e00000| Complete 
|  31|0x0000000081f00000, 0x0000000082000000, 0x0000000082000000|100%|HC|  |TAMS 0x0000000082000000, 0x0000000081f00000| Complete 
|  32|0x0000000082000000, 0x0000000082100000, 0x0000000082100000|100%|HC|  |TAMS 0x0000000082100000, 0x0000000082000000| Complete 
|  33|0x0000000082100000, 0x0000000082200000, 0x0000000082200000|100%|HC|  |TAMS 0x0000000082200000, 0x0000000082100000| Complete 
|  34|0x0000000082200000, 0x0000000082300000, 0x0000000082300000|100%|HC|  |TAMS 0x0000000082300000, 0x0000000082200000| Complete 
|  35|0x0000000082300000, 0x0000000082400000, 0x0000000082400000|100%|HS|  |TAMS 0x0000000082400000, 0x0000000082300000| Complete 
|  36|0x0000000082400000, 0x0000000082500000, 0x0000000082500000|100%|HC|  |TAMS 0x0000000082500000, 0x0000000082400000| Complete 
|  37|0x0000000082500000, 0x0000000082600000, 0x0000000082600000|100%|HS|  |TAMS 0x0000000082600000, 0x0000000082500000| Complete 
|  38|0x0000000082600000, 0x0000000082700000, 0x0000000082700000|100%|HC|  |TAMS 0x0000000082700000, 0x0000000082600000| Complete 
|  39|0x0000000082700000, 0x0000000082800000, 0x0000000082800000|100%|HC|  |TAMS 0x0000000082800000, 0x0000000082700000| Complete 
|  40|0x0000000082800000, 0x0000000082900000, 0x0000000082900000|100%|HC|  |TAMS 0x0000000082900000, 0x0000000082800000| Complete 
|  41|0x0000000082900000, 0x0000000082a00000, 0x0000000082a00000|100%|HC|  |TAMS 0x0000000082a00000, 0x0000000082900000| Complete 
|  42|0x0000000082a00000, 0x0000000082b00000, 0x0000000082b00000|100%| O|  |TAMS 0x0000000082b00000, 0x0000000082a00000| Untracked 
|  43|0x0000000082b00000, 0x0000000082c00000, 0x0000000082c00000|100%| O|  |TAMS 0x0000000082c00000, 0x0000000082b00000| Untracked 
|  44|0x0000000082c00000, 0x0000000082d00000, 0x0000000082d00000|100%| O|  |TAMS 0x0000000082d00000, 0x0000000082c00000| Untracked 
|  45|0x0000000082d00000, 0x0000000082e00000, 0x0000000082e00000|100%| O|  |TAMS 0x0000000082e00000, 0x0000000082d00000| Untracked 
|  46|0x0000000082e00000, 0x0000000082f00000, 0x0000000082f00000|100%| O|  |TAMS 0x0000000082f00000, 0x0000000082e00000| Untracked 
|  47|0x0000000082f00000, 0x0000000083000000, 0x0000000083000000|100%| O|  |TAMS 0x0000000083000000, 0x0000000082f00000| Untracked 
|  48|0x0000000083000000, 0x0000000083100000, 0x0000000083100000|100%| O|  |TAMS 0x0000000083100000, 0x0000000083000000| Untracked 
|  49|0x0000000083100000, 0x0000000083200000, 0x0000000083200000|100%| O|  |TAMS 0x0000000083200000, 0x0000000083100000| Untracked 
|  50|0x0000000083200000, 0x0000000083300000, 0x0000000083300000|100%| O|  |TAMS 0x0000000083278600, 0x0000000083200000| Untracked 
|  51|0x0000000083300000, 0x0000000083400000, 0x0000000083400000|100%| O|  |TAMS 0x0000000083300000, 0x0000000083300000| Untracked 
|  52|0x0000000083400000, 0x0000000083400000, 0x0000000083500000|  0%| F|  |TAMS 0x0000000083400000, 0x0000000083400000| Untracked 
|  53|0x0000000083500000, 0x0000000083500000, 0x0000000083600000|  0%| F|  |TAMS 0x0000000083500000, 0x0000000083500000| Untracked 
|  54|0x0000000083600000, 0x0000000083600000, 0x0000000083700000|  0%| F|  |TAMS 0x0000000083600000, 0x0000000083600000| Untracked 
|  55|0x0000000083700000, 0x0000000083800000, 0x0000000083800000|100%| O|  |TAMS 0x0000000083700000, 0x0000000083700000| Untracked 
|  56|0x0000000083800000, 0x0000000083900000, 0x0000000083900000|100%| O|  |TAMS 0x0000000083800000, 0x0000000083800000| Untracked 
|  57|0x0000000083900000, 0x0000000083a00000, 0x0000000083a00000|100%| O|  |TAMS 0x0000000083900000, 0x0000000083900000| Untracked 
|  58|0x0000000083a00000, 0x0000000083b00000, 0x0000000083b00000|100%| O|  |TAMS 0x0000000083a00000, 0x0000000083a00000| Untracked 
|  59|0x0000000083b00000, 0x0000000083b12e00, 0x0000000083c00000|  7%| O|  |TAMS 0x0000000083b00000, 0x0000000083b00000| Untracked 
|  60|0x0000000083c00000, 0x0000000083c00000, 0x0000000083d00000|  0%| F|  |TAMS 0x0000000083c00000, 0x0000000083c00000| Untracked 
|  61|0x0000000083d00000, 0x0000000083d00000, 0x0000000083e00000|  0%| F|  |TAMS 0x0000000083d00000, 0x0000000083d00000| Untracked 
|  62|0x0000000083e00000, 0x0000000083e00000, 0x0000000083f00000|  0%| F|  |TAMS 0x0000000083e00000, 0x0000000083e00000| Untracked 
|  63|0x0000000083f00000, 0x0000000083f00000, 0x0000000084000000|  0%| F|  |TAMS 0x0000000083f00000, 0x0000000083f00000| Untracked 
|  64|0x0000000084000000, 0x0000000084000000, 0x0000000084100000|  0%| F|  |TAMS 0x0000000084000000, 0x0000000084000000| Untracked 
|  65|0x0000000084100000, 0x0000000084100000, 0x0000000084200000|  0%| F|  |TAMS 0x0000000084100000, 0x0000000084100000| Untracked 
|  66|0x0000000084200000, 0x0000000084200000, 0x0000000084300000|  0%| F|  |TAMS 0x0000000084200000, 0x0000000084200000| Untracked 
|  67|0x0000000084300000, 0x0000000084300000, 0x0000000084400000|  0%| F|  |TAMS 0x0000000084300000, 0x0000000084300000| Untracked 
|  68|0x0000000084400000, 0x0000000084400000, 0x0000000084500000|  0%| F|  |TAMS 0x0000000084400000, 0x0000000084400000| Untracked 
|  69|0x0000000084500000, 0x0000000084500000, 0x0000000084600000|  0%| F|  |TAMS 0x0000000084500000, 0x0000000084500000| Untracked 
|  70|0x0000000084600000, 0x0000000084600000, 0x0000000084700000|  0%| F|  |TAMS 0x0000000084600000, 0x0000000084600000| Untracked 
|  71|0x0000000084700000, 0x0000000084700000, 0x0000000084800000|  0%| F|  |TAMS 0x0000000084700000, 0x0000000084700000| Untracked 
|  72|0x0000000084800000, 0x0000000084800000, 0x0000000084900000|  0%| F|  |TAMS 0x0000000084800000, 0x0000000084800000| Untracked 
|  73|0x0000000084900000, 0x0000000084900000, 0x0000000084a00000|  0%| F|  |TAMS 0x0000000084900000, 0x0000000084900000| Untracked 
|  74|0x0000000084a00000, 0x0000000084a00000, 0x0000000084b00000|  0%| F|  |TAMS 0x0000000084a00000, 0x0000000084a00000| Untracked 
|  75|0x0000000084b00000, 0x0000000084b00000, 0x0000000084c00000|  0%| F|  |TAMS 0x0000000084b00000, 0x0000000084b00000| Untracked 
|  76|0x0000000084c00000, 0x0000000084c00000, 0x0000000084d00000|  0%| F|  |TAMS 0x0000000084c00000, 0x0000000084c00000| Untracked 
|  77|0x0000000084d00000, 0x0000000084d00000, 0x0000000084e00000|  0%| F|  |TAMS 0x0000000084d00000, 0x0000000084d00000| Untracked 
|  78|0x0000000084e00000, 0x0000000084e00000, 0x0000000084f00000|  0%| F|  |TAMS 0x0000000084e00000, 0x0000000084e00000| Untracked 
|  79|0x0000000084f00000, 0x0000000084f00000, 0x0000000085000000|  0%| F|  |TAMS 0x0000000084f00000, 0x0000000084f00000| Untracked 
|  80|0x0000000085000000, 0x0000000085000000, 0x0000000085100000|  0%| F|  |TAMS 0x0000000085000000, 0x0000000085000000| Untracked 
|  81|0x0000000085100000, 0x0000000085100000, 0x0000000085200000|  0%| F|  |TAMS 0x0000000085100000, 0x0000000085100000| Untracked 
|  82|0x0000000085200000, 0x0000000085200000, 0x0000000085300000|  0%| F|  |TAMS 0x0000000085200000, 0x0000000085200000| Untracked 
|  83|0x0000000085300000, 0x0000000085300000, 0x0000000085400000|  0%| F|  |TAMS 0x0000000085300000, 0x0000000085300000| Untracked 
|  84|0x0000000085400000, 0x0000000085400000, 0x0000000085500000|  0%| F|  |TAMS 0x0000000085400000, 0x0000000085400000| Untracked 
|  85|0x0000000085500000, 0x0000000085500000, 0x0000000085600000|  0%| F|  |TAMS 0x0000000085500000, 0x0000000085500000| Untracked 
|  86|0x0000000085600000, 0x0000000085600000, 0x0000000085700000|  0%| F|  |TAMS 0x0000000085600000, 0x0000000085600000| Untracked 
|  87|0x0000000085700000, 0x0000000085700000, 0x0000000085800000|  0%| F|  |TAMS 0x0000000085700000, 0x0000000085700000| Untracked 
|  88|0x0000000085800000, 0x00000000858da890, 0x0000000085900000| 85%| S|CS|TAMS 0x0000000085800000, 0x0000000085800000| Complete 
|  89|0x0000000085900000, 0x0000000085a00000, 0x0000000085a00000|100%| S|CS|TAMS 0x0000000085900000, 0x0000000085900000| Complete 
|  90|0x0000000085a00000, 0x0000000085b00000, 0x0000000085b00000|100%| S|CS|TAMS 0x0000000085a00000, 0x0000000085a00000| Complete 
|  91|0x0000000085b00000, 0x0000000085b00000, 0x0000000085c00000|  0%| F|  |TAMS 0x0000000085b00000, 0x0000000085b00000| Untracked 
|  92|0x0000000085c00000, 0x0000000085c00000, 0x0000000085d00000|  0%| F|  |TAMS 0x0000000085c00000, 0x0000000085c00000| Untracked 
|  93|0x0000000085d00000, 0x0000000085d00000, 0x0000000085e00000|  0%| F|  |TAMS 0x0000000085d00000, 0x0000000085d00000| Untracked 
|  94|0x0000000085e00000, 0x0000000085e00000, 0x0000000085f00000|  0%| F|  |TAMS 0x0000000085e00000, 0x0000000085e00000| Untracked 
|  95|0x0000000085f00000, 0x0000000085f00000, 0x0000000086000000|  0%| F|  |TAMS 0x0000000085f00000, 0x0000000085f00000| Untracked 
|  96|0x0000000086000000, 0x0000000086000000, 0x0000000086100000|  0%| F|  |TAMS 0x0000000086000000, 0x0000000086000000| Untracked 
|  97|0x0000000086100000, 0x0000000086100000, 0x0000000086200000|  0%| F|  |TAMS 0x0000000086100000, 0x0000000086100000| Untracked 
|  98|0x0000000086200000, 0x0000000086200000, 0x0000000086300000|  0%| F|  |TAMS 0x0000000086200000, 0x0000000086200000| Untracked 
|  99|0x0000000086300000, 0x0000000086300000, 0x0000000086400000|  0%| F|  |TAMS 0x0000000086300000, 0x0000000086300000| Untracked 
| 100|0x0000000086400000, 0x0000000086400000, 0x0000000086500000|  0%| F|  |TAMS 0x0000000086400000, 0x0000000086400000| Untracked 
| 101|0x0000000086500000, 0x0000000086500000, 0x0000000086600000|  0%| F|  |TAMS 0x0000000086500000, 0x0000000086500000| Untracked 
| 102|0x0000000086600000, 0x0000000086600000, 0x0000000086700000|  0%| F|  |TAMS 0x0000000086600000, 0x0000000086600000| Untracked 
| 103|0x0000000086700000, 0x0000000086700000, 0x0000000086800000|  0%| F|  |TAMS 0x0000000086700000, 0x0000000086700000| Untracked 
| 104|0x0000000086800000, 0x0000000086800000, 0x0000000086900000|  0%| F|  |TAMS 0x0000000086800000, 0x0000000086800000| Untracked 
| 105|0x0000000086900000, 0x0000000086900000, 0x0000000086a00000|  0%| F|  |TAMS 0x0000000086900000, 0x0000000086900000| Untracked 
| 106|0x0000000086a00000, 0x0000000086a00000, 0x0000000086b00000|  0%| F|  |TAMS 0x0000000086a00000, 0x0000000086a00000| Untracked 
| 107|0x0000000086b00000, 0x0000000086b00000, 0x0000000086c00000|  0%| F|  |TAMS 0x0000000086b00000, 0x0000000086b00000| Untracked 
| 108|0x0000000086c00000, 0x0000000086c00000, 0x0000000086d00000|  0%| F|  |TAMS 0x0000000086c00000, 0x0000000086c00000| Untracked 
| 109|0x0000000086d00000, 0x0000000086d00000, 0x0000000086e00000|  0%| F|  |TAMS 0x0000000086d00000, 0x0000000086d00000| Untracked 
| 110|0x0000000086e00000, 0x0000000086e00000, 0x0000000086f00000|  0%| F|  |TAMS 0x0000000086e00000, 0x0000000086e00000| Untracked 
| 111|0x0000000086f00000, 0x0000000086f00000, 0x0000000087000000|  0%| F|  |TAMS 0x0000000086f00000, 0x0000000086f00000| Untracked 
| 112|0x0000000087000000, 0x0000000087000000, 0x0000000087100000|  0%| F|  |TAMS 0x0000000087000000, 0x0000000087000000| Untracked 
| 113|0x0000000087100000, 0x0000000087100000, 0x0000000087200000|  0%| F|  |TAMS 0x0000000087100000, 0x0000000087100000| Untracked 
| 114|0x0000000087200000, 0x0000000087200000, 0x0000000087300000|  0%| F|  |TAMS 0x0000000087200000, 0x0000000087200000| Untracked 
| 115|0x0000000087300000, 0x0000000087300000, 0x0000000087400000|  0%| F|  |TAMS 0x0000000087300000, 0x0000000087300000| Untracked 
| 116|0x0000000087400000, 0x0000000087400000, 0x0000000087500000|  0%| F|  |TAMS 0x0000000087400000, 0x0000000087400000| Untracked 
| 117|0x0000000087500000, 0x0000000087500000, 0x0000000087600000|  0%| F|  |TAMS 0x0000000087500000, 0x0000000087500000| Untracked 
| 118|0x0000000087600000, 0x0000000087600000, 0x0000000087700000|  0%| F|  |TAMS 0x0000000087600000, 0x0000000087600000| Untracked 
| 119|0x0000000087700000, 0x0000000087700000, 0x0000000087800000|  0%| F|  |TAMS 0x0000000087700000, 0x0000000087700000| Untracked 
| 120|0x0000000087800000, 0x0000000087800000, 0x0000000087900000|  0%| F|  |TAMS 0x0000000087800000, 0x0000000087800000| Untracked 
| 121|0x0000000087900000, 0x0000000087900000, 0x0000000087a00000|  0%| F|  |TAMS 0x0000000087900000, 0x0000000087900000| Untracked 
| 122|0x0000000087a00000, 0x0000000087a00000, 0x0000000087b00000|  0%| F|  |TAMS 0x0000000087a00000, 0x0000000087a00000| Untracked 
| 123|0x0000000087b00000, 0x0000000087b00000, 0x0000000087c00000|  0%| F|  |TAMS 0x0000000087b00000, 0x0000000087b00000| Untracked 

Card table byte_map: [0x00000286b0890000,0x00000286b0c90000] _byte_map_base: 0x00000286b0490000

Marking Bits (Prev, Next): (CMBitMap*) 0x000002869d9aabe8, (CMBitMap*) 0x000002869d9aac20
 Prev Bits: [0x00000286b1090000, 0x00000286b3090000)
 Next Bits: [0x00000286b3090000, 0x00000286b5090000)

Polling page: 0x000002869bb10000

Metaspace:

Usage:
  Non-class:     37.52 MB capacity,    36.89 MB ( 98%) used,   536.92 KB (  1%) free+waste,   110.88 KB ( <1%) overhead. 
      Class:      5.79 MB capacity,     5.38 MB ( 93%) used,   367.59 KB (  6%) free+waste,    53.75 KB ( <1%) overhead. 
       Both:     43.31 MB capacity,    42.27 MB ( 98%) used,   904.52 KB (  2%) free+waste,   164.62 KB ( <1%) overhead. 

Virtual space:
  Non-class space:       38.00 MB reserved,      37.58 MB ( 99%) committed 
      Class space:        1.00 GB reserved,       5.88 MB ( <1%) committed 
             Both:        1.04 GB reserved,      43.45 MB (  4%) committed 

Chunk freelists:
   Non-Class:  58.00 KB
       Class:  24.00 KB
        Both:  82.00 KB

MaxMetaspaceSize: 17179869184.00 GB
CompressedClassSpaceSize: 1.00 GB
Initial GC threshold: 20.80 MB
Current GC threshold: 58.88 MB
CDS: off

CodeHeap 'non-profiled nmethods': size=120064Kb used=2140Kb max_used=2140Kb free=117923Kb
 bounds [0x00000286a8f50000, 0x00000286a91c0000, 0x00000286b0490000]
CodeHeap 'profiled nmethods': size=120000Kb used=8295Kb max_used=8295Kb free=111704Kb
 bounds [0x00000286a1a20000, 0x00000286a2240000, 0x00000286a8f50000]
CodeHeap 'non-nmethods': size=5696Kb used=2281Kb max_used=2321Kb free=3414Kb
 bounds [0x00000286a1490000, 0x00000286a1700000, 0x00000286a1a20000]
 total_blobs=4625 nmethods=3847 adapters=689
 compilation: enabled
              stopped_count=0, restarted_count=0
 full_count=0

Compilation events (20 events):
Event: 9.069 Thread 0x00000286b7289800 3847       3       org.gradle.model.internal.asm.MethodVisitorScope::_IFNONNULL (9 bytes)
Event: 9.069 Thread 0x00000286b7289800 nmethod 3847 0x00000286a2233010 code [0x00000286a22331e0, 0x00000286a2233448]
Event: 9.069 Thread 0x00000286b7289800 3848       3       java.lang.Module::canRead (86 bytes)
Event: 9.071 Thread 0x00000286b7289800 nmethod 3848 0x00000286a2233590 code [0x00000286a2233960, 0x00000286a2235408]
Event: 9.105 Thread 0x00000286b7289800 3849       3       java.util.Arrays::hashCode (56 bytes)
Event: 9.106 Thread 0x00000286b7289800 nmethod 3849 0x00000286a2235b90 code [0x00000286a2235d60, 0x00000286a2236088]
Event: 9.111 Thread 0x00000286b7289800 3850       3       org.gradle.internal.reflect.MutableClassDetails::field (49 bytes)
Event: 9.111 Thread 0x00000286b7289800 nmethod 3850 0x00000286a2236210 code [0x00000286a2236420, 0x00000286a2236b68]
Event: 9.112 Thread 0x00000286b7289800 3851       3       org.gradle.internal.instantiation.generator.AbstractClassGenerator$ExtensibleTypePropertyHandler::unclaimed (64 bytes)
Event: 9.112 Thread 0x00000286b7289800 nmethod 3851 0x00000286a2236d90 code [0x00000286a2236fc0, 0x00000286a2237648]
Event: 9.113 Thread 0x00000286b7289800 3852       3       org.gradle.model.internal.asm.MethodVisitorScope::_CHECKCAST (9 bytes)
Event: 9.113 Thread 0x00000286b7289800 nmethod 3852 0x00000286a2237890 code [0x00000286a2237a60, 0x00000286a2237cc8]
Event: 9.113 Thread 0x00000286b7289800 3853   !   3       java.lang.reflect.Field::declaredAnnotations (82 bytes)
Event: 9.113 Thread 0x00000286b7289800 nmethod 3853 0x00000286a2237e10 code [0x00000286a2238020, 0x00000286a22385c8]
Event: 9.113 Thread 0x00000286b7289800 3854       3       org.gradle.internal.instantiation.generator.AsmBackedClassGenerator$ClassBuilderImpl$LocalMethodVisitorScope::<init> (11 bytes)
Event: 9.113 Thread 0x00000286b7289800 nmethod 3854 0x00000286a2238890 code [0x00000286a2238a60, 0x00000286a2238c48]
Event: 9.113 Thread 0x00000286b7289800 3855       3       org.objectweb.asm.FieldVisitor::<init> (94 bytes)
Event: 9.115 Thread 0x00000286b7289800 nmethod 3855 0x00000286a2238d10 code [0x00000286a2238fa0, 0x00000286a2239ac8]
Event: 9.125 Thread 0x00000286b7289800 3860       1       sun.reflect.generics.tree.MethodTypeSignature::getFormalTypeParameters (5 bytes)
Event: 9.125 Thread 0x00000286b7289800 nmethod 3860 0x00000286a9166f90 code [0x00000286a9167140, 0x00000286a91671f8]

GC Heap History (20 events):
Event: 0.572 GC heap after
{Heap after GC invocations=1 (full 0):
 garbage-first heap   total 126976K, used 1405K [0x0000000080000000, 0x0000000100000000)
  region size 1024K, 1 young (1024K), 1 survivors (1024K)
 Metaspace       used 6147K, capacity 6265K, committed 6528K, reserved 1056768K
  class space    used 526K, capacity 578K, committed 640K, reserved 1048576K
}
Event: 4.036 GC heap before
{Heap before GC invocations=1 (full 0):
 garbage-first heap   total 126976K, used 82301K [0x0000000080000000, 0x0000000100000000)
  region size 1024K, 74 young (75776K), 1 survivors (1024K)
 Metaspace       used 15969K, capacity 16351K, committed 16512K, reserved 1064960K
  class space    used 1783K, capacity 1901K, committed 1920K, reserved 1048576K
}
Event: 4.046 GC heap after
{Heap after GC invocations=2 (full 0):
 garbage-first heap   total 126976K, used 15491K [0x0000000080000000, 0x0000000100000000)
  region size 1024K, 10 young (10240K), 10 survivors (10240K)
 Metaspace       used 15969K, capacity 16351K, committed 16512K, reserved 1064960K
  class space    used 1783K, capacity 1901K, committed 1920K, reserved 1048576K
}
Event: 4.186 GC heap before
{Heap before GC invocations=2 (full 0):
 garbage-first heap   total 126976K, used 17539K [0x0000000080000000, 0x0000000100000000)
  region size 1024K, 12 young (12288K), 10 survivors (10240K)
 Metaspace       used 16637K, capacity 17042K, committed 17152K, reserved 1064960K
  class space    used 1876K, capacity 2004K, committed 2048K, reserved 1048576K
}
Event: 4.193 GC heap after
{Heap after GC invocations=3 (full 0):
 garbage-first heap   total 126976K, used 16027K [0x0000000080000000, 0x0000000100000000)
  region size 1024K, 1 young (1024K), 1 survivors (1024K)
 Metaspace       used 16637K, capacity 17042K, committed 17152K, reserved 1064960K
  class space    used 1876K, capacity 2004K, committed 2048K, reserved 1048576K
}
Event: 4.474 GC heap before
{Heap before GC invocations=3 (full 0):
 garbage-first heap   total 126976K, used 29339K [0x0000000080000000, 0x0000000100000000)
  region size 1024K, 15 young (15360K), 1 survivors (1024K)
 Metaspace       used 18759K, capacity 19202K, committed 19328K, reserved 1067008K
  class space    used 2196K, capacity 2334K, committed 2432K, reserved 1048576K
}
Event: 4.477 GC heap after
{Heap after GC invocations=4 (full 0):
 garbage-first heap   total 126976K, used 16384K [0x0000000080000000, 0x0000000100000000)
  region size 1024K, 1 young (1024K), 1 survivors (1024K)
 Metaspace       used 18759K, capacity 19202K, committed 19328K, reserved 1067008K
  class space    used 2196K, capacity 2334K, committed 2432K, reserved 1048576K
}
Event: 4.668 GC heap before
{Heap before GC invocations=4 (full 0):
 garbage-first heap   total 126976K, used 31744K [0x0000000080000000, 0x0000000100000000)
  region size 1024K, 17 young (17408K), 1 survivors (1024K)
 Metaspace       used 20755K, capacity 21192K, committed 21296K, reserved 1069056K
  class space    used 2489K, capacity 2635K, committed 2688K, reserved 1048576K
}
Event: 4.674 GC heap after
{Heap after GC invocations=5 (full 0):
 garbage-first heap   total 126976K, used 16771K [0x0000000080000000, 0x0000000100000000)
  region size 1024K, 2 young (2048K), 2 survivors (2048K)
 Metaspace       used 20755K, capacity 21192K, committed 21296K, reserved 1069056K
  class space    used 2489K, capacity 2635K, committed 2688K, reserved 1048576K
}
Event: 5.000 GC heap before
{Heap before GC invocations=6 (full 0):
 garbage-first heap   total 126976K, used 46467K [0x0000000080000000, 0x0000000100000000)
  region size 1024K, 31 young (31744K), 2 survivors (2048K)
 Metaspace       used 23298K, capacity 23877K, committed 24112K, reserved 1071104K
  class space    used 2937K, capacity 3153K, committed 3200K, reserved 1048576K
}
Event: 5.005 GC heap after
{Heap after GC invocations=7 (full 0):
 garbage-first heap   total 126976K, used 17772K [0x0000000080000000, 0x0000000100000000)
  region size 1024K, 3 young (3072K), 3 survivors (3072K)
 Metaspace       used 23298K, capacity 23877K, committed 24112K, reserved 1071104K
  class space    used 2937K, capacity 3153K, committed 3200K, reserved 1048576K
}
Event: 5.985 GC heap before
{Heap before GC invocations=7 (full 0):
 garbage-first heap   total 126976K, used 89452K [0x0000000080000000, 0x0000000100000000)
  region size 1024K, 47 young (48128K), 3 survivors (3072K)
 Metaspace       used 28123K, capacity 28991K, committed 29104K, reserved 1075200K
  class space    used 3703K, capacity 4029K, committed 4096K, reserved 1048576K
}
Event: 5.992 GC heap after
{Heap after GC invocations=8 (full 0):
 garbage-first heap   total 126976K, used 51454K [0x0000000080000000, 0x0000000100000000)
  region size 1024K, 6 young (6144K), 6 survivors (6144K)
 Metaspace       used 28123K, capacity 28991K, committed 29104K, reserved 1075200K
  class space    used 3703K, capacity 4029K, committed 4096K, reserved 1048576K
}
Event: 6.442 GC heap before
{Heap before GC invocations=8 (full 0):
 garbage-first heap   total 126976K, used 85246K [0x0000000080000000, 0x0000000100000000)
  region size 1024K, 39 young (39936K), 6 survivors (6144K)
 Metaspace       used 31062K, capacity 31955K, committed 32048K, reserved 1077248K
  class space    used 4131K, capacity 4466K, committed 4480K, reserved 1048576K
}
Event: 6.452 GC heap after
{Heap after GC invocations=9 (full 0):
 garbage-first heap   total 126976K, used 52656K [0x0000000080000000, 0x0000000100000000)
  region size 1024K, 1 young (1024K), 1 survivors (1024K)
 Metaspace       used 31062K, capacity 31955K, committed 32048K, reserved 1077248K
  class space    used 4131K, capacity 4466K, committed 4480K, reserved 1048576K
}
Event: 6.990 GC heap before
{Heap before GC invocations=9 (full 0):
 garbage-first heap   total 126976K, used 80304K [0x0000000080000000, 0x0000000100000000)
  region size 1024K, 29 young (29696K), 1 survivors (1024K)
 Metaspace       used 34819K, capacity 35830K, committed 35920K, reserved 1081344K
  class space    used 4668K, capacity 5075K, committed 5120K, reserved 1048576K
}
Event: 6.998 GC heap after
{Heap after GC invocations=10 (full 0):
 garbage-first heap   total 126976K, used 54184K [0x0000000080000000, 0x0000000100000000)
  region size 1024K, 3 young (3072K), 3 survivors (3072K)
 Metaspace       used 34819K, capacity 35830K, committed 35920K, reserved 1081344K
  class space    used 4668K, capacity 5075K, committed 5120K, reserved 1048576K
}
Event: 7.562 GC heap before
{Heap before GC invocations=11 (full 0):
 garbage-first heap   total 126976K, used 87976K [0x0000000080000000, 0x0000000100000000)
  region size 1024K, 36 young (36864K), 3 survivors (3072K)
 Metaspace       used 39884K, capacity 40903K, committed 41040K, reserved 1085440K
  class space    used 5140K, capacity 5550K, committed 5632K, reserved 1048576K
}
Event: 7.582 GC heap after
{Heap after GC invocations=12 (full 0):
 garbage-first heap   total 126976K, used 58199K [0x0000000080000000, 0x0000000100000000)
  region size 1024K, 5 young (5120K), 5 survivors (5120K)
 Metaspace       used 39884K, capacity 40903K, committed 41040K, reserved 1085440K
  class space    used 5140K, capacity 5550K, committed 5632K, reserved 1048576K
}
Event: 9.135 GC heap before
{Heap before GC invocations=12 (full 0):
 garbage-first heap   total 126976K, used 94039K [0x0000000080000000, 0x0000000100000000)
  region size 1024K, 38 young (38912K), 5 survivors (5120K)
 Metaspace       used 43280K, capacity 44350K, committed 44496K, reserved 1087488K
  class space    used 5506K, capacity 5928K, committed 6016K, reserved 1048576K
}

Deoptimization events (20 events):
Event: 7.962 Thread 0x00000286b9da8800 DEOPT PACKING pc=0x00000286a90fc1a8 sp=0x00000091484f6f50
Event: 7.962 Thread 0x00000286b9da8800 DEOPT UNPACKING pc=0x00000286a14da1af sp=0x00000091484f6e90 mode 2
Event: 7.984 Thread 0x00000286b9da8800 DEOPT PACKING pc=0x00000286a1dc75e8 sp=0x00000091484f9bd0
Event: 7.984 Thread 0x00000286b9da8800 DEOPT UNPACKING pc=0x00000286a14da95e sp=0x00000091484f90d8 mode 0
Event: 8.093 Thread 0x00000286b9f9e800 Uncommon trap: trap_request=0xffffff4d fr.pc=0x00000286a90b6338 relative=0x0000000000000478
Event: 8.093 Thread 0x00000286b9f9e800 Uncommon trap: reason=unstable_if action=reinterpret pc=0x00000286a90b6338 method=java.lang.StringLatin1.regionMatchesCI([BI[BII)Z @ 66 c2
Event: 8.093 Thread 0x00000286b9f9e800 DEOPT PACKING pc=0x00000286a90b6338 sp=0x0000009148dfe130
Event: 8.093 Thread 0x00000286b9f9e800 DEOPT UNPACKING pc=0x00000286a14da1af sp=0x0000009148dfdfa8 mode 2
Event: 8.093 Thread 0x00000286b9f9e800 Uncommon trap: trap_request=0xffffff4d fr.pc=0x00000286a9041d5c relative=0x00000000000005fc
Event: 8.093 Thread 0x00000286b9f9e800 Uncommon trap: reason=unstable_if action=reinterpret pc=0x00000286a9041d5c method=java.lang.StringLatin1.regionMatchesCI([BI[BII)Z @ 66 c2
Event: 8.093 Thread 0x00000286b9f9e800 DEOPT PACKING pc=0x00000286a9041d5c sp=0x0000009148dfe120
Event: 8.093 Thread 0x00000286b9f9e800 DEOPT UNPACKING pc=0x00000286a14da1af sp=0x0000009148dfe020 mode 2
Event: 8.103 Thread 0x00000286b9f9e800 Uncommon trap: trap_request=0xffffff4d fr.pc=0x00000286a903d964 relative=0x0000000000000424
Event: 8.103 Thread 0x00000286b9f9e800 Uncommon trap: reason=unstable_if action=reinterpret pc=0x00000286a903d964 method=java.lang.StringLatin1.regionMatchesCI([BI[BII)Z @ 66 c2
Event: 8.103 Thread 0x00000286b9f9e800 DEOPT PACKING pc=0x00000286a903d964 sp=0x0000009148dfe020
Event: 8.103 Thread 0x00000286b9f9e800 DEOPT UNPACKING pc=0x00000286a14da1af sp=0x0000009148dfdfb0 mode 2
Event: 8.548 Thread 0x00000286b9da8800 Uncommon trap: trap_request=0xffffff4d fr.pc=0x00000286a90e5030 relative=0x0000000000000110
Event: 8.548 Thread 0x00000286b9da8800 Uncommon trap: reason=unstable_if action=reinterpret pc=0x00000286a90e5030 method=java.util.Arrays.hashCode([Ljava/lang/Object;)I @ 34 c2
Event: 8.548 Thread 0x00000286b9da8800 DEOPT PACKING pc=0x00000286a90e5030 sp=0x00000091484f7ac0
Event: 8.548 Thread 0x00000286b9da8800 DEOPT UNPACKING pc=0x00000286a14da1af sp=0x00000091484f7a38 mode 2

Classes redefined (0 events):
No events

Internal exceptions (20 events):
Event: 7.882 Thread 0x00000286b9da8800 Exception <a 'java/lang/ClassNotFoundException'{0x0000000087349c90}: org/gradle/invocation/DefaultGradle_DecoratedCustomizer> (0x0000000087349c90) thrown at [src/hotspot/share/classfile/systemDictionary.cpp, line 230]
Event: 7.959 Thread 0x00000286b9da8800 Exception <a 'java/lang/ClassNotFoundException'{0x00000000870f2ff8}: groovy/lang/Closure$1BeanInfo> (0x00000000870f2ff8) thrown at [src/hotspot/share/classfile/systemDictionary.cpp, line 230]
Event: 7.960 Thread 0x00000286b9da8800 Exception <a 'java/lang/ClassNotFoundException'{0x0000000086f26718}: groovy/lang/ClosureBeanInfo> (0x0000000086f26718) thrown at [src/hotspot/share/classfile/systemDictionary.cpp, line 230]
Event: 7.960 Thread 0x00000286b9da8800 Exception <a 'java/lang/ClassNotFoundException'{0x0000000086f59cd0}: groovy/lang/ClosureCustomizer> (0x0000000086f59cd0) thrown at [src/hotspot/share/classfile/systemDictionary.cpp, line 230]
Event: 7.963 Thread 0x00000286b9da8800 Exception <a 'java/lang/ClassNotFoundException'{0x0000000086faede0}: groovy/lang/Closure$1Customizer> (0x0000000086faede0) thrown at [src/hotspot/share/classfile/systemDictionary.cpp, line 230]
Event: 8.056 Thread 0x00000286b9f9e800 Exception <a 'sun/nio/fs/WindowsException'{0x0000000086e99668}> (0x0000000086e99668) thrown at [src/hotspot/share/prims/jni.cpp, line 617]
Event: 8.110 Thread 0x00000286b9f9e800 Exception <a 'sun/nio/fs/WindowsException'{0x0000000086d8ec40}> (0x0000000086d8ec40) thrown at [src/hotspot/share/prims/jni.cpp, line 617]
Event: 8.115 Thread 0x00000286b9f9e800 Exception <a 'sun/nio/fs/WindowsException'{0x0000000086d8ee70}> (0x0000000086d8ee70) thrown at [src/hotspot/share/prims/jni.cpp, line 617]
Event: 8.137 Thread 0x00000286b9da8800 Exception <a 'java/lang/ClassNotFoundException'{0x0000000086c678a8}: sync_studio_tooling8_1kt3edplmiutsc4dnt9tdh9u3BeanInfo> (0x0000000086c678a8) thrown at [src/hotspot/share/classfile/systemDictionary.cpp, line 230]
Event: 8.137 Thread 0x00000286b9da8800 Exception <a 'java/lang/ClassNotFoundException'{0x0000000086c743f8}: sync_studio_tooling8_1kt3edplmiutsc4dnt9tdh9u3Customizer> (0x0000000086c743f8) thrown at [src/hotspot/share/classfile/systemDictionary.cpp, line 230]
Event: 8.170 Thread 0x00000286b9da8800 Exception <a 'java/lang/ClassNotFoundException'{0x0000000086cec9f0}: org/gradle/internal/metaobject/ConfigureDelegateBeanInfo> (0x0000000086cec9f0) thrown at [src/hotspot/share/classfile/systemDictionary.cpp, line 230]
Event: 8.172 Thread 0x00000286b9da8800 Exception <a 'java/lang/ClassNotFoundException'{0x0000000086b13078}: org/gradle/internal/metaobject/ConfigureDelegateCustomizer> (0x0000000086b13078) thrown at [src/hotspot/share/classfile/systemDictionary.cpp, line 230]
Event: 8.191 Thread 0x00000286b9da8800 Exception <a 'java/lang/ClassNotFoundException'{0x0000000086b9d678}: org/gradle/api/internal/initialization/DefaultScriptHandlerBeanInfo> (0x0000000086b9d678) thrown at [src/hotspot/share/classfile/systemDictionary.cpp, line 230]
Event: 8.192 Thread 0x00000286b9da8800 Exception <a 'java/lang/ClassNotFoundException'{0x0000000086bc6cb8}: org/gradle/api/internal/initialization/DefaultScriptHandlerCustomizer> (0x0000000086bc6cb8) thrown at [src/hotspot/share/classfile/systemDictionary.cpp, line 230]
Event: 8.548 Thread 0x00000286b9da8800 Implicit null exception at 0x00000286a90e4f6c to 0x00000286a90e5014
Event: 8.787 Thread 0x00000286b9da8800 Exception <a 'java/lang/ClassNotFoundException'{0x00000000862df4e0}: org/gradle/api/internal/artifacts/dsl/dependencies/DefaultDependencyHandler_DecoratedBeanInfo> (0x00000000862df4e0) thrown at [src/hotspot/share/classfile/systemDictionary.cpp, line 230]
Event: 8.787 Thread 0x00000286b9da8800 Exception <a 'java/lang/ClassNotFoundException'{0x000000008611de28}: org/gradle/api/internal/artifacts/dsl/dependencies/DefaultDependencyHandlerBeanInfo> (0x000000008611de28) thrown at [src/hotspot/share/classfile/systemDictionary.cpp, line 230]
Event: 8.788 Thread 0x00000286b9da8800 Exception <a 'java/lang/ClassNotFoundException'{0x000000008615beb0}: org/gradle/api/internal/artifacts/dsl/dependencies/DefaultDependencyHandlerCustomizer> (0x000000008615beb0) thrown at [src/hotspot/share/classfile/systemDictionary.cpp, line 230]
Event: 8.791 Thread 0x00000286b9da8800 Exception <a 'java/lang/ClassNotFoundException'{0x00000000861c4cd0}: org/gradle/api/internal/artifacts/dsl/dependencies/DefaultDependencyHandler_DecoratedCustomizer> (0x00000000861c4cd0) thrown at [src/hotspot/share/classfile/systemDictionary.cpp, line 230]
Event: 9.119 Thread 0x00000286b9da8800 Exception <a 'java/lang/NoSuchMethodError'{0x0000000085dba0a8}: 'java.lang.Object java.lang.invoke.DirectMethodHandle$Holder.invokeStatic(java.lang.Object, int, java.lang.Object)'> (0x0000000085dba0a8) thrown at [src/hotspot/share/interpreter/linkResolver.cpp, line 773]

Events (20 events):
Event: 9.133 loading class org/gradle/api/internal/artifacts/ivyservice/resolveengine/artifact/VisitedArtifactsResults done
Event: 9.133 loading class org/gradle/api/internal/artifacts/ivyservice/resolveengine/artifact/ArtifactSet
Event: 9.133 loading class org/gradle/api/internal/artifacts/ivyservice/resolveengine/artifact/ArtifactSet done
Event: 9.133 loading class org/gradle/api/internal/artifacts/ivyservice/ivyresolve/NoRepositoriesResolver
Event: 9.133 loading class org/gradle/api/internal/artifacts/ivyservice/ivyresolve/NoRepositoriesResolver done
Event: 9.134 loading class org/gradle/api/internal/artifacts/ivyservice/resolveengine/ComponentResolversChain
Event: 9.134 loading class org/gradle/api/internal/artifacts/ivyservice/resolveengine/ComponentResolversChain done
Event: 9.134 loading class org/gradle/internal/resolve/resolver/ArtifactSelector
Event: 9.134 loading class org/gradle/internal/resolve/resolver/ArtifactSelector done
Event: 9.134 loading class org/gradle/api/internal/artifacts/ivyservice/resolveengine/VirtualComponentMetadataResolver
Event: 9.134 loading class org/gradle/api/internal/artifacts/ivyservice/resolveengine/VirtualComponentMetadataResolver done
Event: 9.134 loading class org/gradle/api/internal/artifacts/ivyservice/resolveengine/ComponentResolversChain$DependencyToComponentIdResolverChain
Event: 9.134 loading class org/gradle/api/internal/artifacts/ivyservice/resolveengine/ComponentResolversChain$DependencyToComponentIdResolverChain done
Event: 9.135 loading class org/gradle/api/internal/artifacts/ivyservice/resolveengine/ComponentResolversChain$ComponentMetaDataResolverChain
Event: 9.135 loading class org/gradle/api/internal/artifacts/ivyservice/resolveengine/ComponentResolversChain$ComponentMetaDataResolverChain done
Event: 9.135 loading class org/gradle/api/internal/artifacts/ivyservice/ivyresolve/ErrorHandlingArtifactResolver
Event: 9.135 loading class org/gradle/api/internal/artifacts/ivyservice/ivyresolve/ErrorHandlingArtifactResolver done
Event: 9.135 loading class org/gradle/internal/resolve/ArtifactResolveException
Event: 9.135 loading class org/gradle/internal/resolve/ArtifactResolveException done
Event: 9.135 Executing VM operation: G1CollectForAllocation


Dynamic libraries:
0x00007ff721cf0000 - 0x00007ff721cfa000 	C:\Program Files\Android\Android Studio\jbr\bin\java.exe
0x00007ff88d4d0000 - 0x00007ff88d6c8000 	C:\Windows\SYSTEM32\ntdll.dll
0x00007ff88be90000 - 0x00007ff88bf51000 	C:\Windows\System32\KERNEL32.DLL
0x00007ff88b020000 - 0x00007ff88b31d000 	C:\Windows\System32\KERNELBASE.dll
0x00007ff88af20000 - 0x00007ff88b020000 	C:\Windows\System32\ucrtbase.dll
0x00007ff87b4b0000 - 0x00007ff87b4c7000 	C:\Program Files\Android\Android Studio\jbr\bin\jli.dll
0x00007ff88c480000 - 0x00007ff88c61d000 	C:\Windows\System32\USER32.dll
0x00007ff88ab80000 - 0x00007ff88aba2000 	C:\Windows\System32\win32u.dll
0x00007ff88be60000 - 0x00007ff88be8b000 	C:\Windows\System32\GDI32.dll
0x00007ff88ac20000 - 0x00007ff88ad37000 	C:\Windows\System32\gdi32full.dll
0x00007ff88b460000 - 0x00007ff88b4fd000 	C:\Windows\System32\msvcp_win.dll
0x00007ff876c90000 - 0x00007ff876cab000 	C:\Program Files\Android\Android Studio\jbr\bin\VCRUNTIME140.dll
0x00007ff866780000 - 0x00007ff866a1a000 	C:\Windows\WinSxS\amd64_microsoft.windows.common-controls_6595b64144ccf1df_6.0.19041.4355_none_60b8b9eb71f62e16\COMCTL32.dll
0x00007ff88c2a0000 - 0x00007ff88c33e000 	C:\Windows\System32\msvcrt.dll
0x00007ff88c620000 - 0x00007ff88c64f000 	C:\Windows\System32\IMM32.DLL
0x00007ff8747f0000 - 0x00007ff8747fc000 	C:\Program Files\Android\Android Studio\jbr\bin\vcruntime140_1.dll
0x00007ff860500000 - 0x00007ff86058d000 	C:\Program Files\Android\Android Studio\jbr\bin\msvcp140.dll
0x00007ff840020000 - 0x00007ff840bdc000 	C:\Program Files\Android\Android Studio\jbr\bin\server\jvm.dll
0x00007ff88c8d0000 - 0x00007ff88c980000 	C:\Windows\System32\ADVAPI32.dll
0x00007ff88c010000 - 0x00007ff88c0b0000 	C:\Windows\System32\sechost.dll
0x00007ff88b510000 - 0x00007ff88b633000 	C:\Windows\System32\RPCRT4.dll
0x00007ff88aef0000 - 0x00007ff88af17000 	C:\Windows\System32\bcrypt.dll
0x00007ff88c980000 - 0x00007ff88c988000 	C:\Windows\System32\PSAPI.DLL
0x00007ff864310000 - 0x00007ff864319000 	C:\Windows\SYSTEM32\WSOCK32.dll
0x00007ff88c6d0000 - 0x00007ff88c73b000 	C:\Windows\System32\WS2_32.dll
0x00007ff87f7f0000 - 0x00007ff87f817000 	C:\Windows\SYSTEM32\WINMM.dll
0x00007ff87f600000 - 0x00007ff87f60a000 	C:\Windows\SYSTEM32\VERSION.dll
0x00007ff8893b0000 - 0x00007ff8893c2000 	C:\Windows\SYSTEM32\kernel.appcore.dll
0x00007ff884920000 - 0x00007ff884930000 	C:\Program Files\Android\Android Studio\jbr\bin\verify.dll
0x00007ff889090000 - 0x00007ff889274000 	C:\Windows\SYSTEM32\DBGHELP.DLL
0x00007ff87e010000 - 0x00007ff87e044000 	C:\Windows\SYSTEM32\dbgcore.DLL
0x00007ff88b3d0000 - 0x00007ff88b452000 	C:\Windows\System32\bcryptPrimitives.dll
0x00007ff874540000 - 0x00007ff874568000 	C:\Program Files\Android\Android Studio\jbr\bin\java.dll
0x00007ff884910000 - 0x00007ff88491a000 	C:\Program Files\Android\Android Studio\jbr\bin\jimage.dll
0x00007ff8709d0000 - 0x00007ff8709e8000 	C:\Program Files\Android\Android Studio\jbr\bin\zip.dll
0x00007ff88b6f0000 - 0x00007ff88be5f000 	C:\Windows\System32\SHELL32.dll
0x00007ff8888f0000 - 0x00007ff88908f000 	C:\Windows\SYSTEM32\windows.storage.dll
0x00007ff88c990000 - 0x00007ff88cce3000 	C:\Windows\System32\combase.dll
0x00007ff88a4d0000 - 0x00007ff88a4fe000 	C:\Windows\SYSTEM32\Wldp.dll
0x00007ff88c340000 - 0x00007ff88c40d000 	C:\Windows\System32\OLEAUT32.dll
0x00007ff88b640000 - 0x00007ff88b6ed000 	C:\Windows\System32\SHCORE.dll
0x00007ff88c0b0000 - 0x00007ff88c105000 	C:\Windows\System32\shlwapi.dll
0x00007ff88aab0000 - 0x00007ff88aad4000 	C:\Windows\SYSTEM32\profapi.dll
0x00007ff8709b0000 - 0x00007ff8709c9000 	C:\Program Files\Android\Android Studio\jbr\bin\net.dll
0x00007ff87db90000 - 0x00007ff87dc9d000 	C:\Windows\SYSTEM32\WINHTTP.dll
0x00007ff88a230000 - 0x00007ff88a29a000 	C:\Windows\system32\mswsock.dll
0x00007ff86a230000 - 0x00007ff86a243000 	C:\Program Files\Android\Android Studio\jbr\bin\nio.dll
0x00007ff8735c0000 - 0x00007ff8735e7000 	C:\Users\Administrador\.gradle\native\e1d6ef7f7dcc3fd88c89a11ec53ec762bb8ba0a96d01ffa2cd45eb1d1d8dd5c5\windows-amd64\native-platform.dll
0x00007ff84f6c0000 - 0x00007ff84f804000 	C:\Users\Administrador\.gradle\native\0d407fdbe67a94daf76414ababcb853783967236a71b16ec16e742cd7a986fd3\windows-amd64\native-platform-file-events.dll
0x00007ff872cb0000 - 0x00007ff872cba000 	C:\Program Files\Android\Android Studio\jbr\bin\management.dll
0x00007ff8709a0000 - 0x00007ff8709ab000 	C:\Program Files\Android\Android Studio\jbr\bin\management_ext.dll
0x00007ff88a430000 - 0x00007ff88a448000 	C:\Windows\SYSTEM32\CRYPTSP.dll
0x00007ff889b50000 - 0x00007ff889b84000 	C:\Windows\system32\rsaenh.dll
0x00007ff88aa20000 - 0x00007ff88aa4e000 	C:\Windows\SYSTEM32\USERENV.dll
0x00007ff88a420000 - 0x00007ff88a42c000 	C:\Windows\SYSTEM32\CRYPTBASE.dll
0x00007ff889f10000 - 0x00007ff889f4b000 	C:\Windows\SYSTEM32\IPHLPAPI.DLL
0x00007ff88b500000 - 0x00007ff88b508000 	C:\Windows\System32\NSI.dll
0x00007ff882aa0000 - 0x00007ff882ab7000 	C:\Windows\SYSTEM32\dhcpcsvc6.DLL
0x00007ff882a80000 - 0x00007ff882a9d000 	C:\Windows\SYSTEM32\dhcpcsvc.DLL
0x00007ff889f50000 - 0x00007ff88a01a000 	C:\Windows\SYSTEM32\DNSAPI.dll

dbghelp: loaded successfully - version: 4.0.5 - missing functions: none
symbol engine: initialized successfully - sym options: 0x614 - pdb path: .;C:\Program Files\Android\Android Studio\jbr\bin;C:\Windows\SYSTEM32;C:\Windows\WinSxS\amd64_microsoft.windows.common-controls_6595b64144ccf1df_6.0.19041.4355_none_60b8b9eb71f62e16;C:\Program Files\Android\Android Studio\jbr\bin\server;C:\Users\Administrador\.gradle\native\e1d6ef7f7dcc3fd88c89a11ec53ec762bb8ba0a96d01ffa2cd45eb1d1d8dd5c5\windows-amd64;C:\Users\Administrador\.gradle\native\0d407fdbe67a94daf76414ababcb853783967236a71b16ec16e742cd7a986fd3\windows-amd64

VM Arguments:
jvm_args: --add-opens=java.base/java.util=ALL-UNNAMED --add-opens=java.base/java.lang=ALL-UNNAMED --add-opens=java.base/java.lang.invoke=ALL-UNNAMED --add-opens=java.base/java.util=ALL-UNNAMED --add-opens=java.prefs/java.util.prefs=ALL-UNNAMED --add-opens=java.prefs/java.util.prefs=ALL-UNNAMED --add-opens=java.base/java.nio.charset=ALL-UNNAMED --add-opens=java.base/java.net=ALL-UNNAMED --add-opens=java.base/java.util.concurrent.atomic=ALL-UNNAMED -Xmx2048m -Dfile.encoding=UTF-8 -Duser.country=PE -Duser.language=es -Duser.variant 
java_command: org.gradle.launcher.daemon.bootstrap.GradleDaemon 7.5
java_class_path (initial): C:\Users\Administrador\.gradle\wrapper\dists\gradle-7.5-bin\f1w0cc9nuo0eivz97x2xlu9sv\gradle-7.5\lib\gradle-launcher-7.5.jar
Launcher Type: SUN_STANDARD

[Global flags]
     intx CICompilerCount                          = 2                                         {product} {ergonomic}
     uint ConcGCThreads                            = 1                                         {product} {ergonomic}
     uint G1ConcRefinementThreads                  = 2                                         {product} {ergonomic}
   size_t G1HeapRegionSize                         = 1048576                                   {product} {ergonomic}
    uintx GCDrainStackTargetSize                   = 64                                        {product} {ergonomic}
   size_t InitialHeapSize                          = 130023424                                 {product} {ergonomic}
   size_t MarkStackSize                            = 4194304                                   {product} {ergonomic}
   size_t MaxHeapSize                              = 2147483648                                {product} {command line}
   size_t MaxNewSize                               = 1287651328                                {product} {ergonomic}
   size_t MinHeapDeltaBytes                        = 1048576                                   {product} {ergonomic}
    uintx NonNMethodCodeHeapSize                   = 5825164                                {pd product} {ergonomic}
    uintx NonProfiledCodeHeapSize                  = 122916538                              {pd product} {ergonomic}
    uintx ProfiledCodeHeapSize                     = 122916538                              {pd product} {ergonomic}
    uintx ReservedCodeCacheSize                    = 251658240                              {pd product} {ergonomic}
     bool SegmentedCodeCache                       = true                                      {product} {ergonomic}
     bool UseCompressedClassPointers               = true                                 {lp64_product} {ergonomic}
     bool UseCompressedOops                        = true                                 {lp64_product} {ergonomic}
     bool UseG1GC                                  = true                                      {product} {ergonomic}
     bool UseLargePagesIndividualAllocation        = false                                  {pd product} {ergonomic}

Logging:
Log output configuration:
 #0: stdout all=warning uptime,level,tags
 #1: stderr all=off uptime,level,tags

Environment Variables:
PATH=C:\Program Files (x86)\Microsoft\Edge\Application;C:\Program Files (x86)\Common Files\Oracle\Java\javapath;C:\Windows\system32;C:\Windows;C:\Windows\System32\Wbem;C:\Windows\System32\WindowsPowerShell\v1.0\;C:\Windows\System32\OpenSSH\;C:\Program Files (x86)\Microsoft SQL Server\160\Tools\Binn\;C:\Program Files\Microsoft SQL Server\160\Tools\Binn\;C:\Program Files\Microsoft SQL Server\Client SDK\ODBC\170\Tools\Binn\;C:\Program Files\Microsoft SQL Server\160\DTS\Binn\;C:\Program Files (x86)\Microsoft SQL Server\160\DTS\Binn\;C:\Program Files\Azure Data Studio\bin;C:\Program Files\Git\cmd;C:\Program Files\nodejs\;C:\Program Files\Graphviz\bin;C:\Users\Administrador\AppData\Local\Microsoft\WindowsApps;C:\Users\Administrador\AppData\Roaming\npm;
USERNAME=Administrador
OS=Windows_NT
PROCESSOR_IDENTIFIER=Intel64 Family 6 Model 151 Stepping 5, GenuineIntel



---------------  S Y S T E M  ---------------

OS: Windows 10 , 64 bit Build 19041 (10.0.19041.4717)
OS uptime: 3 days 5:08 hours

CPU:total 2 (initial active 2) (4 cores per cpu, 2 threads per core) family 6 model 151 stepping 5 microcode 0x18, cmov, cx8, fxsr, mmx, sse, sse2, sse3, ssse3, sse4.1, sse4.2, popcnt, avx, avx2, aes, clmul, erms, 3dnowpref, lzcnt, ht, tsc, tscinvbit, bmi1, bmi2, adx, sha, fma

Memory: 4k page, system-wide physical 7907M (528M free)
TotalPageFile size 32483M (AvailPageFile size 29M)
current process WorkingSet (physical memory assigned to process): 264M, peak: 266M
current process commit charge ("private bytes"): 289M, peak: 353M

vm_info: OpenJDK 64-Bit Server VM (11.0.15+0-b2043.56-9505619) for windows-amd64 JRE (11.0.15+0-b2043.56-9505619), built on Jan 19 2023 02:48:00 by "builduser" with unknown MS VC++:1929

END.
