#
# There is insufficient memory for the Java Runtime Environment to continue.
# Native memory allocation (malloc) failed to allocate 1039536 bytes for Chunk::new
# Possible reasons:
#   The system is out of physical RAM or swap space
#   The process is running with CompressedOops enabled, and the Java Heap may be blocking the growth of the native heap
# Possible solutions:
#   Reduce memory load on the system
#   Increase physical memory or swap space
#   Check if swap backing store is full
#   Decrease Java heap size (-Xmx/-Xms)
#   Decrease number of Java threads
#   Decrease Java thread stack sizes (-Xss)
#   Set larger code cache with -XX:ReservedCodeCacheSize=
#   JVM is running with Unscaled Compressed Oops mode in which the Java heap is
#     placed in the first 4GB address space. The Java Heap base address is the
#     maximum limit for the native heap growth. Please use -XX:HeapBaseMinAddress
#     to set the Java Heap base and to place the Java Heap above 4GB virtual address.
# This output file may be truncated or incomplete.
#
#  Out of Memory Error (src/hotspot/share/memory/arena.cpp:197), pid=7564, tid=4804
#
# JRE version: OpenJDK Runtime Environment (11.0.15) (build 11.0.15+0-b2043.56-9505619)
# Java VM: OpenJDK 64-Bit Server VM (11.0.15+0-b2043.56-9505619, mixed mode, tiered, compressed oops, g1 gc, windows-amd64)
# No core dump will be written. Minidumps are not enabled by default on client versions of Windows
#

---------------  S U M M A R Y ------------

Command Line: --add-opens=java.base/java.util=ALL-UNNAMED --add-opens=java.base/java.lang=ALL-UNNAMED --add-opens=java.base/java.lang.invoke=ALL-UNNAMED --add-opens=java.base/java.util=ALL-UNNAMED --add-opens=java.prefs/java.util.prefs=ALL-UNNAMED --add-opens=java.prefs/java.util.prefs=ALL-UNNAMED --add-opens=java.base/java.nio.charset=ALL-UNNAMED --add-opens=java.base/java.net=ALL-UNNAMED --add-opens=java.base/java.util.concurrent.atomic=ALL-UNNAMED -Xmx2048m -Dfile.encoding=UTF-8 -Duser.country=PE -Duser.language=es -Duser.variant org.gradle.launcher.daemon.bootstrap.GradleDaemon 7.5

Host: 12th Gen Intel(R) Core(TM) i3-12100, 2 cores, 7G,  Windows 10 , 64 bit Build 19041 (10.0.19041.4717)
Time: Thu Aug 29 12:44:33 2024 Hora est. Pacífico, Sudamérica elapsed time: 225.360836 seconds (0d 0h 3m 45s)

---------------  T H R E A D  ---------------

Current thread (0x000001fd56764000):  JavaThread "C2 CompilerThread0" daemon [_thread_in_native, id=4804, stack(0x00000065a2700000,0x00000065a2800000)]


Current CompileTask:
C2: 225360 5550 %     4       org.objectweb.asm.ClassReader::readCode @ 2036 (5109 bytes)

Stack: [0x00000065a2700000,0x00000065a2800000]
Native frames: (J=compiled Java code, j=interpreted, Vv=VM code, C=native code)
V  [jvm.dll+0x64135a]
V  [jvm.dll+0x7d39f9]
V  [jvm.dll+0x7d51b9]
V  [jvm.dll+0x7d58a3]
V  [jvm.dll+0x2691c5]
V  [jvm.dll+0xc1a5c]
V  [jvm.dll+0xc200c]
V  [jvm.dll+0x2da2c2]
V  [jvm.dll+0x54cad9]
V  [jvm.dll+0x22a011]
V  [jvm.dll+0x223809]
V  [jvm.dll+0x220384]
V  [jvm.dll+0x19e851]
V  [jvm.dll+0x230479]
V  [jvm.dll+0x22e5ef]
V  [jvm.dll+0x794de1]
V  [jvm.dll+0x78dc24]
V  [jvm.dll+0x6400f6]
C  [ucrtbase.dll+0x21bb2]
C  [KERNEL32.DLL+0x17374]
C  [ntdll.dll+0x4cc91]


---------------  P R O C E S S  ---------------

Threads class SMR info:
_java_thread_list=0x000001fd57e4f330, length=33, elements={
0x000001fd3d04b000, 0x000001fd56746800, 0x000001fd56748000, 0x000001fd5675e800,
0x000001fd5675f000, 0x000001fd56761000, 0x000001fd56764000, 0x000001fd56767800,
0x000001fd5713c000, 0x000001fd57234000, 0x000001fd589f3800, 0x000001fd58c7e800,
0x000001fd58ae7800, 0x000001fd5951e000, 0x000001fd5951f000, 0x000001fd5951a000,
0x000001fd5951c800, 0x000001fd5951b000, 0x000001fd5951b800, 0x000001fd59520000,
0x000001fd5951d800, 0x000001fd59520800, 0x000001fd59f20000, 0x000001fd59f1f000,
0x000001fd59f1e800, 0x000001fd59f26800, 0x000001fd59f20800, 0x000001fd59f24000,
0x000001fd59f27000, 0x000001fd59f21800, 0x000001fd59f23000, 0x000001fd59f28000,
0x000001fd59f22800
}

Java Threads: ( => current thread )
  0x000001fd3d04b000 JavaThread "main" [_thread_blocked, id=1912, stack(0x00000065a1b00000,0x00000065a1c00000)]
  0x000001fd56746800 JavaThread "Reference Handler" daemon [_thread_blocked, id=556, stack(0x00000065a2200000,0x00000065a2300000)]
  0x000001fd56748000 JavaThread "Finalizer" daemon [_thread_blocked, id=7008, stack(0x00000065a2300000,0x00000065a2400000)]
  0x000001fd5675e800 JavaThread "Signal Dispatcher" daemon [_thread_blocked, id=12148, stack(0x00000065a2400000,0x00000065a2500000)]
  0x000001fd5675f000 JavaThread "Attach Listener" daemon [_thread_blocked, id=14188, stack(0x00000065a2500000,0x00000065a2600000)]
  0x000001fd56761000 JavaThread "Service Thread" daemon [_thread_blocked, id=328, stack(0x00000065a2600000,0x00000065a2700000)]
=>0x000001fd56764000 JavaThread "C2 CompilerThread0" daemon [_thread_in_native, id=4804, stack(0x00000065a2700000,0x00000065a2800000)]
  0x000001fd56767800 JavaThread "C1 CompilerThread0" daemon [_thread_blocked, id=10644, stack(0x00000065a2800000,0x00000065a2900000)]
  0x000001fd5713c000 JavaThread "Sweeper thread" daemon [_thread_blocked, id=4544, stack(0x00000065a2900000,0x00000065a2a00000)]
  0x000001fd57234000 JavaThread "Common-Cleaner" daemon [_thread_blocked, id=1184, stack(0x00000065a2a00000,0x00000065a2b00000)]
  0x000001fd589f3800 JavaThread "Daemon health stats" [_thread_blocked, id=10056, stack(0x00000065a2d00000,0x00000065a2e00000)]
  0x000001fd58c7e800 JavaThread "Incoming local TCP Connector on port 61635" [_thread_in_native, id=8432, stack(0x00000065a2e00000,0x00000065a2f00000)]
  0x000001fd58ae7800 JavaThread "Daemon periodic checks" [_thread_blocked, id=12520, stack(0x00000065a3000000,0x00000065a3100000)]
  0x000001fd5951e000 JavaThread "Cache worker for journal cache (C:\Users\Administrador\.gradle\caches\journal-1)" [_thread_blocked, id=200, stack(0x00000065a3800000,0x00000065a3900000)]
  0x000001fd5951f000 JavaThread "File lock request listener" [_thread_in_native, id=14040, stack(0x00000065a3900000,0x00000065a3a00000)]
  0x000001fd5951a000 JavaThread "Cache worker for file hash cache (C:\Users\Administrador\.gradle\caches\7.5\fileHashes)" [_thread_blocked, id=9596, stack(0x00000065a3a00000,0x00000065a3b00000)]
  0x000001fd5951c800 JavaThread "File watcher server" daemon [_thread_in_native, id=6016, stack(0x00000065a3b00000,0x00000065a3c00000)]
  0x000001fd5951b000 JavaThread "File watcher consumer" daemon [_thread_blocked, id=3240, stack(0x00000065a3c00000,0x00000065a3d00000)]
  0x000001fd5951b800 JavaThread "jar transforms" [_thread_in_Java, id=3836, stack(0x00000065a3d00000,0x00000065a3e00000)]
  0x000001fd59520000 JavaThread "jar transforms Thread 2" [_thread_in_Java, id=4916, stack(0x00000065a3e00000,0x00000065a3f00000)]
  0x000001fd5951d800 JavaThread "Daemon Thread 2" [_thread_blocked, id=2416, stack(0x00000065a1800000,0x00000065a1900000)]
  0x000001fd59520800 JavaThread "Handler for socket connection from /127.0.0.1:61635 to /127.0.0.1:61665" [_thread_in_native, id=10060, stack(0x00000065a1900000,0x00000065a1a00000)]
  0x000001fd59f20000 JavaThread "Cancel handler" [_thread_blocked, id=11380, stack(0x00000065a1a00000,0x00000065a1b00000)]
  0x000001fd59f1f000 JavaThread "Daemon worker Thread 2" [_thread_blocked, id=11020, stack(0x00000065a3100000,0x00000065a3200000)]
  0x000001fd59f1e800 JavaThread "Asynchronous log dispatcher for DefaultDaemonConnection: socket connection from /127.0.0.1:61635 to /127.0.0.1:61665" [_thread_blocked, id=7640, stack(0x00000065a3200000,0x00000065a3300000)]
  0x000001fd59f26800 JavaThread "Stdin handler" [_thread_blocked, id=4820, stack(0x00000065a3300000,0x00000065a3400000)]
  0x000001fd59f20800 JavaThread "Daemon client event forwarder" [_thread_blocked, id=11356, stack(0x00000065a3400000,0x00000065a3500000)]
  0x000001fd59f24000 JavaThread "Cache worker for checksums cache (C:\Users\Administrador\AndroidStudioProjects\Liquid\.gradle\7.5\checksums)" [_thread_blocked, id=484, stack(0x00000065a3500000,0x00000065a3600000)]
  0x000001fd59f27000 JavaThread "Cache worker for cache directory md-rule (C:\Users\Administrador\.gradle\caches\7.5\md-rule)" [_thread_blocked, id=1348, stack(0x00000065a3600000,0x00000065a3700000)]
  0x000001fd59f21800 JavaThread "Cache worker for file content cache (C:\Users\Administrador\.gradle\caches\7.5\fileContent)" [_thread_blocked, id=9884, stack(0x00000065a3700000,0x00000065a3800000)]
  0x000001fd59f23000 JavaThread "Cache worker for file hash cache (C:\Users\Administrador\AndroidStudioProjects\Liquid\.gradle\7.5\fileHashes)" [_thread_blocked, id=10124, stack(0x00000065a3f00000,0x00000065a4000000)]
  0x000001fd59f28000 JavaThread "Cache worker for cache directory md-supplier (C:\Users\Administrador\.gradle\caches\7.5\md-supplier)" [_thread_blocked, id=2376, stack(0x00000065a4000000,0x00000065a4100000)]
  0x000001fd59f22800 JavaThread "Cache worker for execution history cache (C:\Users\Administrador\.gradle\caches\7.5\executionHistory)" [_thread_blocked, id=4412, stack(0x00000065a4100000,0x00000065a4200000)]

Other Threads:
  0x000001fd56741800 VMThread "VM Thread" [stack: 0x00000065a2100000,0x00000065a2200000] [id=6164]
  0x000001fd57235000 WatcherThread [stack: 0x00000065a2b00000,0x00000065a2c00000] [id=13360]
  0x000001fd3d062800 GCTaskThread "GC Thread#0" [stack: 0x00000065a1c00000,0x00000065a1d00000] [id=12932]
  0x000001fd57449800 GCTaskThread "GC Thread#1" [stack: 0x00000065a2c00000,0x00000065a2d00000] [id=4272]
  0x000001fd3d095000 ConcurrentGCThread "G1 Main Marker" [stack: 0x00000065a1d00000,0x00000065a1e00000] [id=11664]
  0x000001fd3d096800 ConcurrentGCThread "G1 Conc#0" [stack: 0x00000065a1e00000,0x00000065a1f00000] [id=3956]
  0x000001fd3d11c000 ConcurrentGCThread "G1 Refine#0" [stack: 0x00000065a1f00000,0x00000065a2000000] [id=11928]
  0x000001fd58ae8800 ConcurrentGCThread "G1 Refine#1" [stack: 0x00000065a2f00000,0x00000065a3000000] [id=11768]
  0x000001fd3d11d000 ConcurrentGCThread "G1 Young RemSet Sampling" [stack: 0x00000065a2000000,0x00000065a2100000] [id=7568]

Threads with active compile tasks:
C2 CompilerThread0   225382 5550 %     4       org.objectweb.asm.ClassReader::readCode @ 2036 (5109 bytes)

VM state:not at safepoint (normal execution)

VM Mutex/Monitor currently owned by a thread: None

Heap address: 0x0000000080000000, size: 2048 MB, Compressed Oops mode: 32-bit
Narrow klass base: 0x0000000000000000, Narrow klass shift: 3
Compressed class space size: 1073741824 Address: 0x0000000100000000

Heap:
 garbage-first heap   total 126976K, used 93733K [0x0000000080000000, 0x0000000100000000)
  region size 1024K, 36 young (36864K), 1 survivors (1024K)
 Metaspace       used 50930K, capacity 52250K, committed 52528K, reserved 1095680K
  class space    used 6464K, capacity 6966K, committed 7040K, reserved 1048576K
Heap Regions: E=young(eden), S=young(survivor), O=old, HS=humongous(starts), HC=humongous(continues), CS=collection set, F=free, A=archive, TAMS=top-at-mark-start (previous, next)
|   0|0x0000000080000000, 0x0000000080100000, 0x0000000080100000|100%| O|  |TAMS 0x0000000080100000, 0x0000000080000000| Untracked 
|   1|0x0000000080100000, 0x0000000080200000, 0x0000000080200000|100%| O|  |TAMS 0x0000000080200000, 0x0000000080100000| Untracked 
|   2|0x0000000080200000, 0x0000000080300000, 0x0000000080300000|100%| O|  |TAMS 0x0000000080300000, 0x0000000080200000| Untracked 
|   3|0x0000000080300000, 0x0000000080400000, 0x0000000080400000|100%| O|  |TAMS 0x0000000080400000, 0x0000000080300000| Untracked 
|   4|0x0000000080400000, 0x0000000080500000, 0x0000000080500000|100%|HS|  |TAMS 0x0000000080500000, 0x0000000080400000| Complete 
|   5|0x0000000080500000, 0x0000000080600000, 0x0000000080600000|100%|HC|  |TAMS 0x0000000080600000, 0x0000000080500000| Complete 
|   6|0x0000000080600000, 0x0000000080700000, 0x0000000080700000|100%|HC|  |TAMS 0x0000000080700000, 0x0000000080600000| Complete 
|   7|0x0000000080700000, 0x0000000080800000, 0x0000000080800000|100%| O|  |TAMS 0x0000000080800000, 0x0000000080700000| Untracked 
|   8|0x0000000080800000, 0x0000000080900000, 0x0000000080900000|100%| O|  |TAMS 0x0000000080900000, 0x0000000080800000| Untracked 
|   9|0x0000000080900000, 0x0000000080a00000, 0x0000000080a00000|100%| O|  |TAMS 0x0000000080a00000, 0x0000000080900000| Untracked 
|  10|0x0000000080a00000, 0x0000000080b00000, 0x0000000080b00000|100%| O|  |TAMS 0x0000000080b00000, 0x0000000080a00000| Untracked 
|  11|0x0000000080b00000, 0x0000000080c00000, 0x0000000080c00000|100%| O|  |TAMS 0x0000000080c00000, 0x0000000080b00000| Untracked 
|  12|0x0000000080c00000, 0x0000000080d00000, 0x0000000080d00000|100%| O|  |TAMS 0x0000000080d00000, 0x0000000080c00000| Untracked 
|  13|0x0000000080d00000, 0x0000000080e00000, 0x0000000080e00000|100%| O|  |TAMS 0x0000000080e00000, 0x0000000080d00000| Untracked 
|  14|0x0000000080e00000, 0x0000000080f00000, 0x0000000080f00000|100%| O|  |TAMS 0x0000000080f00000, 0x0000000080e00000| Untracked 
|  15|0x0000000080f00000, 0x0000000081000000, 0x0000000081000000|100%| O|  |TAMS 0x0000000081000000, 0x0000000080f00000| Untracked 
|  16|0x0000000081000000, 0x0000000081100000, 0x0000000081100000|100%|HS|  |TAMS 0x0000000081100000, 0x0000000081000000| Complete 
|  17|0x0000000081100000, 0x0000000081200000, 0x0000000081200000|100%|HC|  |TAMS 0x0000000081200000, 0x0000000081100000| Complete 
|  18|0x0000000081200000, 0x0000000081300000, 0x0000000081300000|100%|HS|  |TAMS 0x0000000081300000, 0x0000000081200000| Complete 
|  19|0x0000000081300000, 0x0000000081400000, 0x0000000081400000|100%|HC|  |TAMS 0x0000000081400000, 0x0000000081300000| Complete 
|  20|0x0000000081400000, 0x0000000081500000, 0x0000000081500000|100%|HC|  |TAMS 0x0000000081500000, 0x0000000081400000| Complete 
|  21|0x0000000081500000, 0x0000000081600000, 0x0000000081600000|100%|HS|  |TAMS 0x0000000081600000, 0x0000000081500000| Complete 
|  22|0x0000000081600000, 0x0000000081700000, 0x0000000081700000|100%|HC|  |TAMS 0x0000000081700000, 0x0000000081600000| Complete 
|  23|0x0000000081700000, 0x0000000081800000, 0x0000000081800000|100%|HC|  |TAMS 0x0000000081800000, 0x0000000081700000| Complete 
|  24|0x0000000081800000, 0x0000000081900000, 0x0000000081900000|100%|HS|  |TAMS 0x0000000081900000, 0x0000000081800000| Complete 
|  25|0x0000000081900000, 0x0000000081a00000, 0x0000000081a00000|100%|HC|  |TAMS 0x0000000081a00000, 0x0000000081900000| Complete 
|  26|0x0000000081a00000, 0x0000000081b00000, 0x0000000081b00000|100%|HS|  |TAMS 0x0000000081b00000, 0x0000000081a00000| Complete 
|  27|0x0000000081b00000, 0x0000000081c00000, 0x0000000081c00000|100%|HC|  |TAMS 0x0000000081c00000, 0x0000000081b00000| Complete 
|  28|0x0000000081c00000, 0x0000000081d00000, 0x0000000081d00000|100%|HC|  |TAMS 0x0000000081d00000, 0x0000000081c00000| Complete 
|  29|0x0000000081d00000, 0x0000000081e00000, 0x0000000081e00000|100%|HC|  |TAMS 0x0000000081e00000, 0x0000000081d00000| Complete 
|  30|0x0000000081e00000, 0x0000000081f00000, 0x0000000081f00000|100%|HC|  |TAMS 0x0000000081f00000, 0x0000000081e00000| Complete 
|  31|0x0000000081f00000, 0x0000000082000000, 0x0000000082000000|100%| O|  |TAMS 0x0000000082000000, 0x0000000081f00000| Untracked 
|  32|0x0000000082000000, 0x0000000082100000, 0x0000000082100000|100%| O|  |TAMS 0x0000000082100000, 0x0000000082000000| Untracked 
|  33|0x0000000082100000, 0x0000000082200000, 0x0000000082200000|100%| O|  |TAMS 0x0000000082200000, 0x0000000082100000| Untracked 
|  34|0x0000000082200000, 0x0000000082300000, 0x0000000082300000|100%| O|  |TAMS 0x0000000082300000, 0x0000000082200000| Untracked 
|  35|0x0000000082300000, 0x0000000082400000, 0x0000000082400000|100%| O|  |TAMS 0x0000000082400000, 0x0000000082300000| Untracked 
|  36|0x0000000082400000, 0x0000000082500000, 0x0000000082500000|100%| O|  |TAMS 0x0000000082500000, 0x0000000082400000| Untracked 
|  37|0x0000000082500000, 0x0000000082600000, 0x0000000082600000|100%| O|  |TAMS 0x0000000082600000, 0x0000000082500000| Untracked 
|  38|0x0000000082600000, 0x0000000082700000, 0x0000000082700000|100%| O|  |TAMS 0x0000000082700000, 0x0000000082600000| Untracked 
|  39|0x0000000082700000, 0x0000000082800000, 0x0000000082800000|100%| O|  |TAMS 0x0000000082800000, 0x0000000082700000| Untracked 
|  40|0x0000000082800000, 0x0000000082900000, 0x0000000082900000|100%|HS|  |TAMS 0x0000000082900000, 0x0000000082800000| Complete 
|  41|0x0000000082900000, 0x0000000082a00000, 0x0000000082a00000|100%|HC|  |TAMS 0x0000000082a00000, 0x0000000082900000| Complete 
|  42|0x0000000082a00000, 0x0000000082b00000, 0x0000000082b00000|100%| O|  |TAMS 0x0000000082b00000, 0x0000000082a00000| Untracked 
|  43|0x0000000082b00000, 0x0000000082c00000, 0x0000000082c00000|100%| O|  |TAMS 0x0000000082c00000, 0x0000000082b00000| Untracked 
|  44|0x0000000082c00000, 0x0000000082d00000, 0x0000000082d00000|100%| O|  |TAMS 0x0000000082d00000, 0x0000000082c00000| Untracked 
|  45|0x0000000082d00000, 0x0000000082e00000, 0x0000000082e00000|100%| O|  |TAMS 0x0000000082e00000, 0x0000000082d00000| Untracked 
|  46|0x0000000082e00000, 0x0000000082f00000, 0x0000000082f00000|100%| O|  |TAMS 0x0000000082f00000, 0x0000000082e00000| Untracked 
|  47|0x0000000082f00000, 0x0000000083000000, 0x0000000083000000|100%|HS|  |TAMS 0x0000000083000000, 0x0000000082f00000| Complete 
|  48|0x0000000083000000, 0x0000000083100000, 0x0000000083100000|100%|HC|  |TAMS 0x0000000083100000, 0x0000000083000000| Complete 
|  49|0x0000000083100000, 0x0000000083200000, 0x0000000083200000|100%|HC|  |TAMS 0x0000000083200000, 0x0000000083100000| Complete 
|  50|0x0000000083200000, 0x0000000083300000, 0x0000000083300000|100%|HC|  |TAMS 0x0000000083300000, 0x0000000083200000| Complete 
|  51|0x0000000083300000, 0x0000000083400000, 0x0000000083400000|100%|HC|  |TAMS 0x0000000083400000, 0x0000000083300000| Complete 
|  52|0x0000000083400000, 0x0000000083500000, 0x0000000083500000|100%| O|  |TAMS 0x0000000083500000, 0x0000000083400000| Untracked 
|  53|0x0000000083500000, 0x0000000083600000, 0x0000000083600000|100%| O|  |TAMS 0x0000000083600000, 0x0000000083500000| Untracked 
|  54|0x0000000083600000, 0x0000000083700000, 0x0000000083700000|100%| O|  |TAMS 0x0000000083700000, 0x0000000083600000| Untracked 
|  55|0x0000000083700000, 0x0000000083800000, 0x0000000083800000|100%| O|  |TAMS 0x0000000083800000, 0x0000000083700000| Untracked 
|  56|0x0000000083800000, 0x0000000083800000, 0x0000000083900000|  0%| F|  |TAMS 0x0000000083800000, 0x0000000083800000| Untracked 
|  57|0x0000000083900000, 0x0000000083a00000, 0x0000000083a00000|100%| O|  |TAMS 0x0000000083a00000, 0x0000000083900000| Untracked 
|  58|0x0000000083a00000, 0x0000000083ae0000, 0x0000000083b00000| 87%| O|  |TAMS 0x0000000083ae0000, 0x0000000083a00000| Untracked 
|  59|0x0000000083b00000, 0x0000000083b00000, 0x0000000083c00000|  0%| F|  |TAMS 0x0000000083b00000, 0x0000000083b00000| Untracked 
|  60|0x0000000083c00000, 0x0000000083c00000, 0x0000000083d00000|  0%| F|  |TAMS 0x0000000083c00000, 0x0000000083c00000| Untracked 
|  61|0x0000000083d00000, 0x0000000083d00000, 0x0000000083e00000|  0%| F|  |TAMS 0x0000000083d00000, 0x0000000083d00000| Untracked 
|  62|0x0000000083e00000, 0x0000000083e00000, 0x0000000083f00000|  0%| F|  |TAMS 0x0000000083e00000, 0x0000000083e00000| Untracked 
|  63|0x0000000083f00000, 0x0000000083f00000, 0x0000000084000000|  0%| F|  |TAMS 0x0000000083f00000, 0x0000000083f00000| Untracked 
|  64|0x0000000084000000, 0x0000000084000000, 0x0000000084100000|  0%| F|  |TAMS 0x0000000084000000, 0x0000000084000000| Untracked 
|  65|0x0000000084100000, 0x0000000084100000, 0x0000000084200000|  0%| F|  |TAMS 0x0000000084100000, 0x0000000084100000| Untracked 
|  66|0x0000000084200000, 0x0000000084200000, 0x0000000084300000|  0%| F|  |TAMS 0x0000000084200000, 0x0000000084200000| Untracked 
|  67|0x0000000084300000, 0x0000000084300000, 0x0000000084400000|  0%| F|  |TAMS 0x0000000084300000, 0x0000000084300000| Untracked 
|  68|0x0000000084400000, 0x0000000084400000, 0x0000000084500000|  0%| F|  |TAMS 0x0000000084400000, 0x0000000084400000| Untracked 
|  69|0x0000000084500000, 0x0000000084500000, 0x0000000084600000|  0%| F|  |TAMS 0x0000000084500000, 0x0000000084500000| Untracked 
|  70|0x0000000084600000, 0x0000000084600000, 0x0000000084700000|  0%| F|  |TAMS 0x0000000084600000, 0x0000000084600000| Untracked 
|  71|0x0000000084700000, 0x0000000084700000, 0x0000000084800000|  0%| F|  |TAMS 0x0000000084700000, 0x0000000084700000| Untracked 
|  72|0x0000000084800000, 0x0000000084800000, 0x0000000084900000|  0%| F|  |TAMS 0x0000000084800000, 0x0000000084800000| Untracked 
|  73|0x0000000084900000, 0x0000000084900000, 0x0000000084a00000|  0%| F|  |TAMS 0x0000000084900000, 0x0000000084900000| Untracked 
|  74|0x0000000084a00000, 0x0000000084a00000, 0x0000000084b00000|  0%| F|  |TAMS 0x0000000084a00000, 0x0000000084a00000| Untracked 
|  75|0x0000000084b00000, 0x0000000084b00000, 0x0000000084c00000|  0%| F|  |TAMS 0x0000000084b00000, 0x0000000084b00000| Untracked 
|  76|0x0000000084c00000, 0x0000000084c00000, 0x0000000084d00000|  0%| F|  |TAMS 0x0000000084c00000, 0x0000000084c00000| Untracked 
|  77|0x0000000084d00000, 0x0000000084d00000, 0x0000000084e00000|  0%| F|  |TAMS 0x0000000084d00000, 0x0000000084d00000| Untracked 
|  78|0x0000000084e00000, 0x0000000084e00000, 0x0000000084f00000|  0%| F|  |TAMS 0x0000000084e00000, 0x0000000084e00000| Untracked 
|  79|0x0000000084f00000, 0x0000000084f00000, 0x0000000085000000|  0%| F|  |TAMS 0x0000000084f00000, 0x0000000084f00000| Untracked 
|  80|0x0000000085000000, 0x0000000085000000, 0x0000000085100000|  0%| F|  |TAMS 0x0000000085000000, 0x0000000085000000| Untracked 
|  81|0x0000000085100000, 0x0000000085100000, 0x0000000085200000|  0%| F|  |TAMS 0x0000000085100000, 0x0000000085100000| Untracked 
|  82|0x0000000085200000, 0x0000000085200000, 0x0000000085300000|  0%| F|  |TAMS 0x0000000085200000, 0x0000000085200000| Untracked 
|  83|0x0000000085300000, 0x0000000085300000, 0x0000000085400000|  0%| F|  |TAMS 0x0000000085300000, 0x0000000085300000| Untracked 
|  84|0x0000000085400000, 0x0000000085400000, 0x0000000085500000|  0%| F|  |TAMS 0x0000000085400000, 0x0000000085400000| Untracked 
|  85|0x0000000085500000, 0x0000000085500000, 0x0000000085600000|  0%| F|  |TAMS 0x0000000085500000, 0x0000000085500000| Untracked 
|  86|0x0000000085600000, 0x0000000085600000, 0x0000000085700000|  0%| F|  |TAMS 0x0000000085600000, 0x0000000085600000| Untracked 
|  87|0x0000000085700000, 0x0000000085700000, 0x0000000085800000|  0%| F|  |TAMS 0x0000000085700000, 0x0000000085700000| Untracked 
|  88|0x0000000085800000, 0x0000000085897ae0, 0x0000000085900000| 59%| E|  |TAMS 0x0000000085800000, 0x0000000085800000| Complete 
|  89|0x0000000085900000, 0x0000000085a00000, 0x0000000085a00000|100%| E|CS|TAMS 0x0000000085900000, 0x0000000085900000| Complete 
|  90|0x0000000085a00000, 0x0000000085b00000, 0x0000000085b00000|100%| E|CS|TAMS 0x0000000085a00000, 0x0000000085a00000| Complete 
|  91|0x0000000085b00000, 0x0000000085ba9740, 0x0000000085c00000| 66%| S|CS|TAMS 0x0000000085b00000, 0x0000000085b00000| Complete 
|  92|0x0000000085c00000, 0x0000000085d00000, 0x0000000085d00000|100%| E|CS|TAMS 0x0000000085c00000, 0x0000000085c00000| Complete 
|  93|0x0000000085d00000, 0x0000000085e00000, 0x0000000085e00000|100%| E|CS|TAMS 0x0000000085d00000, 0x0000000085d00000| Complete 
|  94|0x0000000085e00000, 0x0000000085f00000, 0x0000000085f00000|100%| E|CS|TAMS 0x0000000085e00000, 0x0000000085e00000| Complete 
|  95|0x0000000085f00000, 0x0000000086000000, 0x0000000086000000|100%| E|CS|TAMS 0x0000000085f00000, 0x0000000085f00000| Complete 
|  96|0x0000000086000000, 0x0000000086100000, 0x0000000086100000|100%| E|CS|TAMS 0x0000000086000000, 0x0000000086000000| Complete 
|  97|0x0000000086100000, 0x0000000086200000, 0x0000000086200000|100%| E|CS|TAMS 0x0000000086100000, 0x0000000086100000| Complete 
|  98|0x0000000086200000, 0x0000000086300000, 0x0000000086300000|100%| E|  |TAMS 0x0000000086200000, 0x0000000086200000| Complete 
|  99|0x0000000086300000, 0x0000000086400000, 0x0000000086400000|100%| E|CS|TAMS 0x0000000086300000, 0x0000000086300000| Complete 
| 100|0x0000000086400000, 0x0000000086500000, 0x0000000086500000|100%| E|CS|TAMS 0x0000000086400000, 0x0000000086400000| Complete 
| 101|0x0000000086500000, 0x0000000086600000, 0x0000000086600000|100%| E|CS|TAMS 0x0000000086500000, 0x0000000086500000| Complete 
| 102|0x0000000086600000, 0x0000000086700000, 0x0000000086700000|100%| E|CS|TAMS 0x0000000086600000, 0x0000000086600000| Complete 
| 103|0x0000000086700000, 0x0000000086800000, 0x0000000086800000|100%| E|CS|TAMS 0x0000000086700000, 0x0000000086700000| Complete 
| 104|0x0000000086800000, 0x0000000086900000, 0x0000000086900000|100%| E|CS|TAMS 0x0000000086800000, 0x0000000086800000| Complete 
| 105|0x0000000086900000, 0x0000000086a00000, 0x0000000086a00000|100%| E|CS|TAMS 0x0000000086900000, 0x0000000086900000| Complete 
| 106|0x0000000086a00000, 0x0000000086b00000, 0x0000000086b00000|100%| E|CS|TAMS 0x0000000086a00000, 0x0000000086a00000| Complete 
| 107|0x0000000086b00000, 0x0000000086c00000, 0x0000000086c00000|100%| E|CS|TAMS 0x0000000086b00000, 0x0000000086b00000| Complete 
| 108|0x0000000086c00000, 0x0000000086d00000, 0x0000000086d00000|100%| E|CS|TAMS 0x0000000086c00000, 0x0000000086c00000| Complete 
| 109|0x0000000086d00000, 0x0000000086e00000, 0x0000000086e00000|100%| E|CS|TAMS 0x0000000086d00000, 0x0000000086d00000| Complete 
| 110|0x0000000086e00000, 0x0000000086f00000, 0x0000000086f00000|100%| E|CS|TAMS 0x0000000086e00000, 0x0000000086e00000| Complete 
| 111|0x0000000086f00000, 0x0000000087000000, 0x0000000087000000|100%| E|CS|TAMS 0x0000000086f00000, 0x0000000086f00000| Complete 
| 112|0x0000000087000000, 0x0000000087100000, 0x0000000087100000|100%| E|CS|TAMS 0x0000000087000000, 0x0000000087000000| Complete 
| 113|0x0000000087100000, 0x0000000087200000, 0x0000000087200000|100%| E|CS|TAMS 0x0000000087100000, 0x0000000087100000| Complete 
| 114|0x0000000087200000, 0x0000000087300000, 0x0000000087300000|100%| E|CS|TAMS 0x0000000087200000, 0x0000000087200000| Complete 
| 115|0x0000000087300000, 0x0000000087400000, 0x0000000087400000|100%| E|CS|TAMS 0x0000000087300000, 0x0000000087300000| Complete 
| 116|0x0000000087400000, 0x0000000087500000, 0x0000000087500000|100%| E|CS|TAMS 0x0000000087400000, 0x0000000087400000| Complete 
| 117|0x0000000087500000, 0x0000000087600000, 0x0000000087600000|100%| E|CS|TAMS 0x0000000087500000, 0x0000000087500000| Complete 
| 118|0x0000000087600000, 0x0000000087700000, 0x0000000087700000|100%| E|CS|TAMS 0x0000000087600000, 0x0000000087600000| Complete 
| 119|0x0000000087700000, 0x0000000087800000, 0x0000000087800000|100%| E|CS|TAMS 0x0000000087700000, 0x0000000087700000| Complete 
| 120|0x0000000087800000, 0x0000000087900000, 0x0000000087900000|100%| E|CS|TAMS 0x0000000087800000, 0x0000000087800000| Complete 
| 121|0x0000000087900000, 0x0000000087a00000, 0x0000000087a00000|100%| E|CS|TAMS 0x0000000087900000, 0x0000000087900000| Complete 
| 122|0x0000000087a00000, 0x0000000087b00000, 0x0000000087b00000|100%| E|CS|TAMS 0x0000000087a00000, 0x0000000087a00000| Complete 
| 123|0x0000000087b00000, 0x0000000087c00000, 0x0000000087c00000|100%| E|CS|TAMS 0x0000000087b00000, 0x0000000087b00000| Complete 

Card table byte_map: [0x000001fd4fb70000,0x000001fd4ff70000] _byte_map_base: 0x000001fd4f770000

Marking Bits (Prev, Next): (CMBitMap*) 0x000001fd3d08c388, (CMBitMap*) 0x000001fd3d08c3c0
 Prev Bits: [0x000001fd50370000, 0x000001fd52370000)
 Next Bits: [0x000001fd52370000, 0x000001fd54370000)

Polling page: 0x000001fd3afd0000

Metaspace:

Usage:
  Non-class:     44.22 MB capacity,    43.42 MB ( 98%) used,   679.53 KB (  2%) free+waste,   138.50 KB ( <1%) overhead. 
      Class:      6.80 MB capacity,     6.31 MB ( 93%) used,   434.97 KB (  6%) free+waste,    66.31 KB ( <1%) overhead. 
       Both:     51.03 MB capacity,    49.74 MB ( 97%) used,     1.09 MB (  2%) free+waste,   204.81 KB ( <1%) overhead. 

Virtual space:
  Non-class space:       46.00 MB reserved,      44.42 MB ( 97%) committed 
      Class space:        1.00 GB reserved,       6.88 MB ( <1%) committed 
             Both:        1.04 GB reserved,      51.30 MB (  5%) committed 

Chunk freelists:
   Non-Class:  12.00 KB
       Class:  10.00 KB
        Both:  22.00 KB

MaxMetaspaceSize: 17179869184.00 GB
CompressedClassSpaceSize: 1.00 GB
Initial GC threshold: 20.80 MB
Current GC threshold: 85.50 MB
CDS: off

CodeHeap 'non-profiled nmethods': size=120064Kb used=3315Kb max_used=3315Kb free=116748Kb
 bounds [0x000001fd48630000, 0x000001fd48970000, 0x000001fd4fb70000]
CodeHeap 'profiled nmethods': size=120000Kb used=12332Kb max_used=12332Kb free=107667Kb
 bounds [0x000001fd41100000, 0x000001fd41d10000, 0x000001fd48630000]
CodeHeap 'non-nmethods': size=5696Kb used=2301Kb max_used=2391Kb free=3394Kb
 bounds [0x000001fd40b70000, 0x000001fd40de0000, 0x000001fd41100000]
 total_blobs=6307 nmethods=5503 adapters=716
 compilation: enabled
              stopped_count=0, restarted_count=0
 full_count=0

Compilation events (20 events):
Event: 224.933 Thread 0x000001fd56767800 5547       2       org.objectweb.asm.ByteVector::putLong (145 bytes)
Event: 224.933 Thread 0x000001fd56767800 nmethod 5547 0x000001fd41d03410 code [0x000001fd41d035e0, 0x000001fd41d03888]
Event: 224.962 Thread 0x000001fd56767800 5548       2       org.objectweb.asm.MethodWriter::visitTableSwitchInsn (120 bytes)
Event: 224.962 Thread 0x000001fd56767800 nmethod 5548 0x000001fd41d03a90 code [0x000001fd41d03ca0, 0x000001fd41d04008]
Event: 225.055 Thread 0x000001fd56764000 nmethod 5509% 0x000001fd48949390 code [0x000001fd48949be0, 0x000001fd4895d3c0]
Event: 225.057 Thread 0x000001fd56764000 5484       4       org.objectweb.asm.SymbolTable::addConstantMemberReference (147 bytes)
Event: 225.198 Thread 0x000001fd56764000 nmethod 5484 0x000001fd48965910 code [0x000001fd48965c40, 0x000001fd4896a4c0]
Event: 225.198 Thread 0x000001fd56764000 5551       4       java.util.StringTokenizer::scanToken (179 bytes)
Event: 225.203 Thread 0x000001fd56764000 nmethod 5551 0x000001fd4896c610 code [0x000001fd4896c7a0, 0x000001fd4896ca98]
Event: 225.203 Thread 0x000001fd56764000 5550 %     4       org.objectweb.asm.ClassReader::readCode @ 2036 (5109 bytes)
Event: 225.231 Thread 0x000001fd56767800 5553 %     3       org.gradle.internal.file.FilePathUtil::getPathSegments @ 20 (54 bytes)
Event: 225.232 Thread 0x000001fd56767800 nmethod 5553% 0x000001fd41d04310 code [0x000001fd41d04580, 0x000001fd41d04f28]
Event: 225.232 Thread 0x000001fd56767800 5554 %     3       org.gradle.api.file.RelativePath::getPathString @ 30 (68 bytes)
Event: 225.232 Thread 0x000001fd56767800 nmethod 5554% 0x000001fd41d05290 code [0x000001fd41d05500, 0x000001fd41d05ea8]
Event: 225.233 Thread 0x000001fd56767800 5555       3       org.gradle.internal.file.FilePathUtil::getPathSegments (54 bytes)
Event: 225.233 Thread 0x000001fd56767800 nmethod 5555 0x000001fd41d06310 code [0x000001fd41d065c0, 0x000001fd41d07278]
Event: 225.236 Thread 0x000001fd56767800 5556 %     3       org.objectweb.asm.Type::hashCode @ 41 (68 bytes)
Event: 225.237 Thread 0x000001fd56767800 nmethod 5556% 0x000001fd41d07790 code [0x000001fd41d079c0, 0x000001fd41d08198]
Event: 225.337 Thread 0x000001fd56767800 5559       2       org.objectweb.asm.ClassReader::readBootstrapMethodsAttribute (131 bytes)
Event: 225.338 Thread 0x000001fd56767800 nmethod 5559 0x000001fd41d08490 code [0x000001fd41d086c0, 0x000001fd41d08d68]

GC Heap History (20 events):
Event: 219.163 GC heap before
{Heap before GC invocations=11 (full 0):
 garbage-first heap   total 126976K, used 78052K [0x0000000080000000, 0x0000000100000000)
  region size 1024K, 38 young (38912K), 1 survivors (1024K)
 Metaspace       used 40971K, capacity 42171K, committed 42288K, reserved 1085440K
  class space    used 5247K, capacity 5657K, committed 5760K, reserved 1048576K
}
Event: 219.179 GC heap after
{Heap after GC invocations=12 (full 0):
 garbage-first heap   total 126976K, used 46007K [0x0000000080000000, 0x0000000100000000)
  region size 1024K, 5 young (5120K), 5 survivors (5120K)
 Metaspace       used 40971K, capacity 42171K, committed 42288K, reserved 1085440K
  class space    used 5247K, capacity 5657K, committed 5760K, reserved 1048576K
}
Event: 219.934 GC heap before
{Heap before GC invocations=12 (full 0):
 garbage-first heap   total 126976K, used 85943K [0x0000000080000000, 0x0000000100000000)
  region size 1024K, 42 young (43008K), 5 survivors (5120K)
 Metaspace       used 45461K, capacity 46672K, committed 47024K, reserved 1089536K
  class space    used 5823K, capacity 6282K, committed 6400K, reserved 1048576K
}
Event: 219.946 GC heap after
{Heap after GC invocations=13 (full 0):
 garbage-first heap   total 126976K, used 47874K [0x0000000080000000, 0x0000000100000000)
  region size 1024K, 3 young (3072K), 3 survivors (3072K)
 Metaspace       used 45461K, capacity 46672K, committed 47024K, reserved 1089536K
  class space    used 5823K, capacity 6282K, committed 6400K, reserved 1048576K
}
Event: 222.196 GC heap before
{Heap before GC invocations=13 (full 0):
 garbage-first heap   total 126976K, used 86786K [0x0000000080000000, 0x0000000100000000)
  region size 1024K, 41 young (41984K), 3 survivors (3072K)
 Metaspace       used 48389K, capacity 49729K, committed 49840K, reserved 1093632K
  class space    used 6135K, capacity 6592K, committed 6656K, reserved 1048576K
}
Event: 222.208 GC heap after
{Heap after GC invocations=14 (full 0):
 garbage-first heap   total 126976K, used 49774K [0x0000000080000000, 0x0000000100000000)
  region size 1024K, 5 young (5120K), 5 survivors (5120K)
 Metaspace       used 48389K, capacity 49729K, committed 49840K, reserved 1093632K
  class space    used 6135K, capacity 6592K, committed 6656K, reserved 1048576K
}
Event: 223.547 GC heap before
{Heap before GC invocations=14 (full 0):
 garbage-first heap   total 126976K, used 95854K [0x0000000080000000, 0x0000000100000000)
  region size 1024K, 44 young (45056K), 5 survivors (5120K)
 Metaspace       used 50614K, capacity 51947K, committed 52016K, reserved 1093632K
  class space    used 6466K, capacity 6972K, committed 7040K, reserved 1048576K
}
Event: 223.556 GC heap after
{Heap after GC invocations=15 (full 0):
 garbage-first heap   total 126976K, used 56759K [0x0000000080000000, 0x0000000100000000)
  region size 1024K, 4 young (4096K), 4 survivors (4096K)
 Metaspace       used 50614K, capacity 51947K, committed 52016K, reserved 1093632K
  class space    used 6466K, capacity 6972K, committed 7040K, reserved 1048576K
}
Event: 223.819 GC heap before
{Heap before GC invocations=15 (full 0):
 garbage-first heap   total 126976K, used 81335K [0x0000000080000000, 0x0000000100000000)
  region size 1024K, 27 young (27648K), 4 survivors (4096K)
 Metaspace       used 50909K, capacity 52268K, committed 52528K, reserved 1095680K
  class space    used 6468K, capacity 6972K, committed 7040K, reserved 1048576K
}
Event: 223.825 GC heap after
{Heap after GC invocations=16 (full 0):
 garbage-first heap   total 126976K, used 53193K [0x0000000080000000, 0x0000000100000000)
  region size 1024K, 2 young (2048K), 2 survivors (2048K)
 Metaspace       used 50909K, capacity 52268K, committed 52528K, reserved 1095680K
  class space    used 6468K, capacity 6972K, committed 7040K, reserved 1048576K
}
Event: 224.187 GC heap before
{Heap before GC invocations=17 (full 0):
 garbage-first heap   total 126976K, used 98249K [0x0000000080000000, 0x0000000100000000)
  region size 1024K, 41 young (41984K), 2 survivors (2048K)
 Metaspace       used 50931K, capacity 52268K, committed 52528K, reserved 1095680K
  class space    used 6469K, capacity 6972K, committed 7040K, reserved 1048576K
}
Event: 224.191 GC heap after
{Heap after GC invocations=18 (full 0):
 garbage-first heap   total 126976K, used 59195K [0x0000000080000000, 0x0000000100000000)
  region size 1024K, 3 young (3072K), 3 survivors (3072K)
 Metaspace       used 50931K, capacity 52268K, committed 52528K, reserved 1095680K
  class space    used 6469K, capacity 6972K, committed 7040K, reserved 1048576K
}
Event: 224.212 GC heap before
{Heap before GC invocations=18 (full 0):
 garbage-first heap   total 126976K, used 62267K [0x0000000080000000, 0x0000000100000000)
  region size 1024K, 7 young (7168K), 3 survivors (3072K)
 Metaspace       used 50932K, capacity 52268K, committed 52528K, reserved 1095680K
  class space    used 6469K, capacity 6972K, committed 7040K, reserved 1048576K
}
Event: 224.214 GC heap after
{Heap after GC invocations=19 (full 0):
 garbage-first heap   total 126976K, used 59034K [0x0000000080000000, 0x0000000100000000)
  region size 1024K, 2 young (2048K), 2 survivors (2048K)
 Metaspace       used 50932K, capacity 52268K, committed 52528K, reserved 1095680K
  class space    used 6469K, capacity 6972K, committed 7040K, reserved 1048576K
}
Event: 224.429 GC heap before
{Heap before GC invocations=20 (full 0):
 garbage-first heap   total 126976K, used 75418K [0x0000000080000000, 0x0000000100000000)
  region size 1024K, 18 young (18432K), 2 survivors (2048K)
 Metaspace       used 50927K, capacity 52250K, committed 52528K, reserved 1095680K
  class space    used 6464K, capacity 6966K, committed 7040K, reserved 1048576K
}
Event: 224.435 GC heap after
{Heap after GC invocations=21 (full 0):
 garbage-first heap   total 126976K, used 62506K [0x0000000080000000, 0x0000000100000000)
  region size 1024K, 6 young (6144K), 6 survivors (6144K)
 Metaspace       used 50927K, capacity 52250K, committed 52528K, reserved 1095680K
  class space    used 6464K, capacity 6966K, committed 7040K, reserved 1048576K
}
Event: 224.803 GC heap before
{Heap before GC invocations=22 (full 0):
 garbage-first heap   total 126976K, used 92202K [0x0000000080000000, 0x0000000100000000)
  region size 1024K, 34 young (34816K), 6 survivors (6144K)
 Metaspace       used 50927K, capacity 52250K, committed 52528K, reserved 1095680K
  class space    used 6464K, capacity 6966K, committed 7040K, reserved 1048576K
}
Event: 224.808 GC heap after
{Heap after GC invocations=23 (full 0):
 garbage-first heap   total 126976K, used 59980K [0x0000000080000000, 0x0000000100000000)
  region size 1024K, 1 young (1024K), 1 survivors (1024K)
 Metaspace       used 50927K, capacity 52250K, committed 52528K, reserved 1095680K
  class space    used 6464K, capacity 6966K, committed 7040K, reserved 1048576K
}
Event: 225.128 GC heap before
{Heap before GC invocations=23 (full 0):
 garbage-first heap   total 126976K, used 91724K [0x0000000080000000, 0x0000000100000000)
  region size 1024K, 33 young (33792K), 1 survivors (1024K)
 Metaspace       used 50930K, capacity 52250K, committed 52528K, reserved 1095680K
  class space    used 6464K, capacity 6966K, committed 7040K, reserved 1048576K
}
Event: 225.129 GC heap after
{Heap after GC invocations=24 (full 0):
 garbage-first heap   total 126976K, used 59941K [0x0000000080000000, 0x0000000100000000)
  region size 1024K, 1 young (1024K), 1 survivors (1024K)
 Metaspace       used 50930K, capacity 52250K, committed 52528K, reserved 1095680K
  class space    used 6464K, capacity 6966K, committed 7040K, reserved 1048576K
}

Deoptimization events (20 events):
Event: 225.326 Thread 0x000001fd5951b800 DEOPT PACKING pc=0x000001fd41cb1138 sp=0x00000065a3dfe2b0
Event: 225.326 Thread 0x000001fd5951b800 DEOPT UNPACKING pc=0x000001fd40bba95e sp=0x00000065a3dfd7c8 mode 0
Event: 225.331 Thread 0x000001fd5951b800 DEOPT PACKING pc=0x000001fd41cb1138 sp=0x00000065a3dfdc70
Event: 225.331 Thread 0x000001fd5951b800 DEOPT UNPACKING pc=0x000001fd40bba95e sp=0x00000065a3dfd188 mode 0
Event: 225.331 Thread 0x000001fd5951b800 DEOPT PACKING pc=0x000001fd41c0bf2a sp=0x00000065a3dfdf50
Event: 225.331 Thread 0x000001fd5951b800 DEOPT UNPACKING pc=0x000001fd40bba95e sp=0x00000065a3dfd5d0 mode 0
Event: 225.335 Thread 0x000001fd5951b800 DEOPT PACKING pc=0x000001fd41c0bf2a sp=0x00000065a3dfdf50
Event: 225.335 Thread 0x000001fd5951b800 DEOPT UNPACKING pc=0x000001fd40bba95e sp=0x00000065a3dfd5d0 mode 0
Event: 225.340 Thread 0x000001fd5951b800 DEOPT PACKING pc=0x000001fd41c0a2b2 sp=0x00000065a3dfdf50
Event: 225.340 Thread 0x000001fd5951b800 DEOPT UNPACKING pc=0x000001fd40bba95e sp=0x00000065a3dfd5d0 mode 0
Event: 225.342 Thread 0x000001fd5951b800 DEOPT PACKING pc=0x000001fd41cb1138 sp=0x00000065a3dfe2b0
Event: 225.342 Thread 0x000001fd5951b800 DEOPT UNPACKING pc=0x000001fd40bba95e sp=0x00000065a3dfd7c8 mode 0
Event: 225.345 Thread 0x000001fd5951b800 DEOPT PACKING pc=0x000001fd41cb1138 sp=0x00000065a3dfe2b0
Event: 225.345 Thread 0x000001fd5951b800 DEOPT UNPACKING pc=0x000001fd40bba95e sp=0x00000065a3dfd7c8 mode 0
Event: 225.345 Thread 0x000001fd5951b800 DEOPT PACKING pc=0x000001fd41c0a2b2 sp=0x00000065a3dfdf50
Event: 225.345 Thread 0x000001fd5951b800 DEOPT UNPACKING pc=0x000001fd40bba95e sp=0x00000065a3dfd5d0 mode 0
Event: 225.355 Thread 0x000001fd5951b800 DEOPT PACKING pc=0x000001fd41cb1138 sp=0x00000065a3dfe2b0
Event: 225.355 Thread 0x000001fd5951b800 DEOPT UNPACKING pc=0x000001fd40bba95e sp=0x00000065a3dfd7c8 mode 0
Event: 225.356 Thread 0x000001fd59520000 DEOPT PACKING pc=0x000001fd41c0a2b2 sp=0x00000065a3efdd80
Event: 225.356 Thread 0x000001fd59520000 DEOPT UNPACKING pc=0x000001fd40bba95e sp=0x00000065a3efd400 mode 0

Classes redefined (0 events):
No events

Internal exceptions (20 events):
Event: 221.919 Thread 0x000001fd59520000 Exception <a 'sun/nio/fs/WindowsException'{0x0000000085aa0ef8}> (0x0000000085aa0ef8) thrown at [src/hotspot/share/prims/jni.cpp, line 617]
Event: 222.069 Thread 0x000001fd59520000 Exception <a 'sun/nio/fs/WindowsException'{0x000000008599e430}> (0x000000008599e430) thrown at [src/hotspot/share/prims/jni.cpp, line 617]
Event: 222.077 Thread 0x000001fd59520000 Exception <a 'sun/nio/fs/WindowsException'{0x000000008599e660}> (0x000000008599e660) thrown at [src/hotspot/share/prims/jni.cpp, line 617]
Event: 222.098 Thread 0x000001fd59f1f000 Exception <a 'java/lang/ClassNotFoundException'{0x0000000085809300}: sync_studio_tooling2_durtm0l3jm1tgbtbjc9lm2tswBeanInfo> (0x0000000085809300) thrown at [src/hotspot/share/classfile/systemDictionary.cpp, line 230]
Event: 222.104 Thread 0x000001fd59f1f000 Exception <a 'java/lang/ClassNotFoundException'{0x0000000085815d90}: sync_studio_tooling2_durtm0l3jm1tgbtbjc9lm2tswCustomizer> (0x0000000085815d90) thrown at [src/hotspot/share/classfile/systemDictionary.cpp, line 230]
Event: 222.127 Thread 0x000001fd59f1f000 Exception <a 'java/lang/ClassNotFoundException'{0x000000008588ee38}: org/gradle/internal/metaobject/ConfigureDelegateBeanInfo> (0x000000008588ee38) thrown at [src/hotspot/share/classfile/systemDictionary.cpp, line 230]
Event: 222.127 Thread 0x000001fd59f1f000 Exception <a 'java/lang/ClassNotFoundException'{0x00000000858b49c8}: org/gradle/internal/metaobject/ConfigureDelegateCustomizer> (0x00000000858b49c8) thrown at [src/hotspot/share/classfile/systemDictionary.cpp, line 230]
Event: 222.133 Thread 0x000001fd59f1f000 Exception <a 'java/lang/ClassNotFoundException'{0x00000000857363b8}: org/gradle/api/internal/initialization/DefaultScriptHandlerBeanInfo> (0x00000000857363b8) thrown at [src/hotspot/share/classfile/systemDictionary.cpp, line 230]
Event: 222.135 Thread 0x000001fd59f1f000 Exception <a 'java/lang/ClassNotFoundException'{0x000000008575f608}: org/gradle/api/internal/initialization/DefaultScriptHandlerCustomizer> (0x000000008575f608) thrown at [src/hotspot/share/classfile/systemDictionary.cpp, line 230]
Event: 222.592 Thread 0x000001fd59f1f000 Implicit null exception at 0x000001fd487f67ec to 0x000001fd487f6894
Event: 222.778 Thread 0x000001fd59f1f000 Exception <a 'java/lang/ClassNotFoundException'{0x00000000874af0f0}: org/gradle/api/internal/artifacts/dsl/dependencies/DefaultDependencyHandler_DecoratedBeanInfo> (0x00000000874af0f0) thrown at [src/hotspot/share/classfile/systemDictionary.cpp, line 230]
Event: 222.778 Thread 0x000001fd59f1f000 Exception <a 'java/lang/ClassNotFoundException'{0x00000000874ece88}: org/gradle/api/internal/artifacts/dsl/dependencies/DefaultDependencyHandlerBeanInfo> (0x00000000874ece88) thrown at [src/hotspot/share/classfile/systemDictionary.cpp, line 230]
Event: 222.779 Thread 0x000001fd59f1f000 Exception <a 'java/lang/ClassNotFoundException'{0x000000008732add0}: org/gradle/api/internal/artifacts/dsl/dependencies/DefaultDependencyHandlerCustomizer> (0x000000008732add0) thrown at [src/hotspot/share/classfile/systemDictionary.cpp, line 230]
Event: 222.783 Thread 0x000001fd59f1f000 Exception <a 'java/lang/ClassNotFoundException'{0x00000000873935a8}: org/gradle/api/internal/artifacts/dsl/dependencies/DefaultDependencyHandler_DecoratedCustomizer> (0x00000000873935a8) thrown at [src/hotspot/share/classfile/systemDictionary.cpp, line 230]
Event: 222.818 Thread 0x000001fd59f1f000 Exception <a 'java/lang/NoSuchMethodError'{0x00000000870b9838}: 'java.lang.Object java.lang.invoke.DirectMethodHandle$Holder.invokeStatic(java.lang.Object, int, java.lang.Object)'> (0x00000000870b9838) thrown at [src/hotspot/share/interpreter/linkResolver.cpp, line 773]
Event: 223.317 Thread 0x000001fd59f1f000 Exception <a 'java/lang/IncompatibleClassChangeError'{0x00000000868a0268}: Found class java.lang.Object, but interface was expected> (0x00000000868a0268) thrown at [src/hotspot/share/interpreter/linkResolver.cpp, line 839]
Event: 223.491 Thread 0x000001fd59f1f000 Exception <a 'java/lang/NoSuchMethodError'{0x0000000085fdce60}: 'int java.lang.invoke.DirectMethodHandle$Holder.invokeStaticInit(java.lang.Object)'> (0x0000000085fdce60) thrown at [src/hotspot/share/interpreter/linkResolver.cpp, line 773]
Event: 223.517 Thread 0x000001fd59520000 Exception <a 'sun/nio/fs/WindowsException'{0x0000000085bf11a8}> (0x0000000085bf11a8) thrown at [src/hotspot/share/prims/jni.cpp, line 617]
Event: 223.559 Thread 0x000001fd5951b800 Implicit null exception at 0x000001fd489142c3 to 0x000001fd48914788
Event: 223.623 Thread 0x000001fd5951b800 Exception <a 'sun/nio/fs/WindowsException'{0x0000000087792638}> (0x0000000087792638) thrown at [src/hotspot/share/prims/jni.cpp, line 617]

Events (20 events):
Event: 224.212 Executing VM operation: G1CollectForAllocation
Event: 224.214 Executing VM operation: G1CollectForAllocation done
Event: 224.264 Executing VM operation: CGC_Operation
Event: 224.277 Executing VM operation: CGC_Operation done
Event: 224.298 Executing VM operation: CGC_Operation
Event: 224.298 Executing VM operation: CGC_Operation done
Event: 224.429 Executing VM operation: G1CollectForAllocation
Event: 224.435 Executing VM operation: G1CollectForAllocation done
Event: 224.504 Executing VM operation: CGC_Operation
Event: 224.511 Executing VM operation: CGC_Operation done
Event: 224.532 Executing VM operation: CGC_Operation
Event: 224.532 Executing VM operation: CGC_Operation done
Event: 224.803 Executing VM operation: G1CollectForAllocation
Event: 224.808 Executing VM operation: G1CollectForAllocation done
Event: 225.101 Executing VM operation: G1CollectForAllocation
Event: 225.129 Executing VM operation: G1CollectForAllocation done
Event: 225.182 Executing VM operation: CGC_Operation
Event: 225.190 Executing VM operation: CGC_Operation done
Event: 225.212 Executing VM operation: CGC_Operation
Event: 225.212 Executing VM operation: CGC_Operation done


Dynamic libraries:
0x00007ff721cf0000 - 0x00007ff721cfa000 	C:\Program Files\Android\Android Studio\jbr\bin\java.exe
0x00007ff88d4d0000 - 0x00007ff88d6c8000 	C:\Windows\SYSTEM32\ntdll.dll
0x00007ff88be90000 - 0x00007ff88bf51000 	C:\Windows\System32\KERNEL32.DLL
0x00007ff88b020000 - 0x00007ff88b31d000 	C:\Windows\System32\KERNELBASE.dll
0x00007ff88af20000 - 0x00007ff88b020000 	C:\Windows\System32\ucrtbase.dll
0x00007ff87b4b0000 - 0x00007ff87b4cb000 	C:\Program Files\Android\Android Studio\jbr\bin\VCRUNTIME140.dll
0x00007ff876c90000 - 0x00007ff876ca7000 	C:\Program Files\Android\Android Studio\jbr\bin\jli.dll
0x00007ff88c480000 - 0x00007ff88c61d000 	C:\Windows\System32\USER32.dll
0x00007ff88ab80000 - 0x00007ff88aba2000 	C:\Windows\System32\win32u.dll
0x00007ff88be60000 - 0x00007ff88be8b000 	C:\Windows\System32\GDI32.dll
0x00007ff88ac20000 - 0x00007ff88ad37000 	C:\Windows\System32\gdi32full.dll
0x00007ff88b460000 - 0x00007ff88b4fd000 	C:\Windows\System32\msvcp_win.dll
0x00007ff866780000 - 0x00007ff866a1a000 	C:\Windows\WinSxS\amd64_microsoft.windows.common-controls_6595b64144ccf1df_6.0.19041.4355_none_60b8b9eb71f62e16\COMCTL32.dll
0x00007ff88c2a0000 - 0x00007ff88c33e000 	C:\Windows\System32\msvcrt.dll
0x00007ff88c620000 - 0x00007ff88c64f000 	C:\Windows\System32\IMM32.DLL
0x00007ff8747f0000 - 0x00007ff8747fc000 	C:\Program Files\Android\Android Studio\jbr\bin\vcruntime140_1.dll
0x00007ff870a00000 - 0x00007ff870a8d000 	C:\Program Files\Android\Android Studio\jbr\bin\msvcp140.dll
0x00007ff840020000 - 0x00007ff840bdc000 	C:\Program Files\Android\Android Studio\jbr\bin\server\jvm.dll
0x00007ff88c8d0000 - 0x00007ff88c980000 	C:\Windows\System32\ADVAPI32.dll
0x00007ff88c010000 - 0x00007ff88c0b0000 	C:\Windows\System32\sechost.dll
0x00007ff88b510000 - 0x00007ff88b633000 	C:\Windows\System32\RPCRT4.dll
0x00007ff88aef0000 - 0x00007ff88af17000 	C:\Windows\System32\bcrypt.dll
0x00007ff88c980000 - 0x00007ff88c988000 	C:\Windows\System32\PSAPI.DLL
0x00007ff87f600000 - 0x00007ff87f60a000 	C:\Windows\SYSTEM32\VERSION.dll
0x00007ff87f7f0000 - 0x00007ff87f817000 	C:\Windows\SYSTEM32\WINMM.dll
0x00007ff864310000 - 0x00007ff864319000 	C:\Windows\SYSTEM32\WSOCK32.dll
0x00007ff88c6d0000 - 0x00007ff88c73b000 	C:\Windows\System32\WS2_32.dll
0x00007ff8893b0000 - 0x00007ff8893c2000 	C:\Windows\SYSTEM32\kernel.appcore.dll
0x00007ff884920000 - 0x00007ff884930000 	C:\Program Files\Android\Android Studio\jbr\bin\verify.dll
0x00007ff889090000 - 0x00007ff889274000 	C:\Windows\SYSTEM32\DBGHELP.DLL
0x00007ff87e010000 - 0x00007ff87e044000 	C:\Windows\SYSTEM32\dbgcore.DLL
0x00007ff88b3d0000 - 0x00007ff88b452000 	C:\Windows\System32\bcryptPrimitives.dll
0x00007ff874540000 - 0x00007ff874568000 	C:\Program Files\Android\Android Studio\jbr\bin\java.dll
0x00007ff884910000 - 0x00007ff88491a000 	C:\Program Files\Android\Android Studio\jbr\bin\jimage.dll
0x00007ff8709d0000 - 0x00007ff8709e8000 	C:\Program Files\Android\Android Studio\jbr\bin\zip.dll
0x00007ff88b6f0000 - 0x00007ff88be5f000 	C:\Windows\System32\SHELL32.dll
0x00007ff8888f0000 - 0x00007ff88908f000 	C:\Windows\SYSTEM32\windows.storage.dll
0x00007ff88c990000 - 0x00007ff88cce3000 	C:\Windows\System32\combase.dll
0x00007ff88a4d0000 - 0x00007ff88a4fe000 	C:\Windows\SYSTEM32\Wldp.dll
0x00007ff88c340000 - 0x00007ff88c40d000 	C:\Windows\System32\OLEAUT32.dll
0x00007ff88b640000 - 0x00007ff88b6ed000 	C:\Windows\System32\SHCORE.dll
0x00007ff88c0b0000 - 0x00007ff88c105000 	C:\Windows\System32\shlwapi.dll
0x00007ff88aab0000 - 0x00007ff88aad4000 	C:\Windows\SYSTEM32\profapi.dll
0x00007ff8709b0000 - 0x00007ff8709c9000 	C:\Program Files\Android\Android Studio\jbr\bin\net.dll
0x00007ff87db90000 - 0x00007ff87dc9d000 	C:\Windows\SYSTEM32\WINHTTP.dll
0x00007ff88a230000 - 0x00007ff88a29a000 	C:\Windows\system32\mswsock.dll
0x00007ff86a230000 - 0x00007ff86a243000 	C:\Program Files\Android\Android Studio\jbr\bin\nio.dll
0x00007ff8735c0000 - 0x00007ff8735e7000 	C:\Users\Administrador\.gradle\native\e1d6ef7f7dcc3fd88c89a11ec53ec762bb8ba0a96d01ffa2cd45eb1d1d8dd5c5\windows-amd64\native-platform.dll
0x00007ff84f6c0000 - 0x00007ff84f804000 	C:\Users\Administrador\.gradle\native\0d407fdbe67a94daf76414ababcb853783967236a71b16ec16e742cd7a986fd3\windows-amd64\native-platform-file-events.dll
0x00007ff872cb0000 - 0x00007ff872cba000 	C:\Program Files\Android\Android Studio\jbr\bin\management.dll
0x00007ff8709a0000 - 0x00007ff8709ab000 	C:\Program Files\Android\Android Studio\jbr\bin\management_ext.dll
0x00007ff88a430000 - 0x00007ff88a448000 	C:\Windows\SYSTEM32\CRYPTSP.dll
0x00007ff889b50000 - 0x00007ff889b84000 	C:\Windows\system32\rsaenh.dll
0x00007ff88aa20000 - 0x00007ff88aa4e000 	C:\Windows\SYSTEM32\USERENV.dll
0x00007ff88a420000 - 0x00007ff88a42c000 	C:\Windows\SYSTEM32\CRYPTBASE.dll
0x00007ff889f10000 - 0x00007ff889f4b000 	C:\Windows\SYSTEM32\IPHLPAPI.DLL
0x00007ff88b500000 - 0x00007ff88b508000 	C:\Windows\System32\NSI.dll
0x00007ff882aa0000 - 0x00007ff882ab7000 	C:\Windows\SYSTEM32\dhcpcsvc6.DLL
0x00007ff882a80000 - 0x00007ff882a9d000 	C:\Windows\SYSTEM32\dhcpcsvc.DLL
0x00007ff889f50000 - 0x00007ff88a01a000 	C:\Windows\SYSTEM32\DNSAPI.dll
0x00007ff889c70000 - 0x00007ff889ca3000 	C:\Windows\SYSTEM32\ntmarta.dll

dbghelp: loaded successfully - version: 4.0.5 - missing functions: none
symbol engine: initialized successfully - sym options: 0x614 - pdb path: .;C:\Program Files\Android\Android Studio\jbr\bin;C:\Windows\SYSTEM32;C:\Windows\WinSxS\amd64_microsoft.windows.common-controls_6595b64144ccf1df_6.0.19041.4355_none_60b8b9eb71f62e16;C:\Program Files\Android\Android Studio\jbr\bin\server;C:\Users\Administrador\.gradle\native\e1d6ef7f7dcc3fd88c89a11ec53ec762bb8ba0a96d01ffa2cd45eb1d1d8dd5c5\windows-amd64;C:\Users\Administrador\.gradle\native\0d407fdbe67a94daf76414ababcb853783967236a71b16ec16e742cd7a986fd3\windows-amd64

VM Arguments:
jvm_args: --add-opens=java.base/java.util=ALL-UNNAMED --add-opens=java.base/java.lang=ALL-UNNAMED --add-opens=java.base/java.lang.invoke=ALL-UNNAMED --add-opens=java.base/java.util=ALL-UNNAMED --add-opens=java.prefs/java.util.prefs=ALL-UNNAMED --add-opens=java.prefs/java.util.prefs=ALL-UNNAMED --add-opens=java.base/java.nio.charset=ALL-UNNAMED --add-opens=java.base/java.net=ALL-UNNAMED --add-opens=java.base/java.util.concurrent.atomic=ALL-UNNAMED -Xmx2048m -Dfile.encoding=UTF-8 -Duser.country=PE -Duser.language=es -Duser.variant 
java_command: org.gradle.launcher.daemon.bootstrap.GradleDaemon 7.5
java_class_path (initial): C:\Users\Administrador\.gradle\wrapper\dists\gradle-7.5-bin\f1w0cc9nuo0eivz97x2xlu9sv\gradle-7.5\lib\gradle-launcher-7.5.jar
Launcher Type: SUN_STANDARD

[Global flags]
     intx CICompilerCount                          = 2                                         {product} {ergonomic}
     uint ConcGCThreads                            = 1                                         {product} {ergonomic}
     uint G1ConcRefinementThreads                  = 2                                         {product} {ergonomic}
   size_t G1HeapRegionSize                         = 1048576                                   {product} {ergonomic}
    uintx GCDrainStackTargetSize                   = 64                                        {product} {ergonomic}
   size_t InitialHeapSize                          = 130023424                                 {product} {ergonomic}
   size_t MarkStackSize                            = 4194304                                   {product} {ergonomic}
   size_t MaxHeapSize                              = 2147483648                                {product} {command line}
   size_t MaxNewSize                               = 1287651328                                {product} {ergonomic}
   size_t MinHeapDeltaBytes                        = 1048576                                   {product} {ergonomic}
    uintx NonNMethodCodeHeapSize                   = 5825164                                {pd product} {ergonomic}
    uintx NonProfiledCodeHeapSize                  = 122916538                              {pd product} {ergonomic}
    uintx ProfiledCodeHeapSize                     = 122916538                              {pd product} {ergonomic}
    uintx ReservedCodeCacheSize                    = 251658240                              {pd product} {ergonomic}
     bool SegmentedCodeCache                       = true                                      {product} {ergonomic}
     bool UseCompressedClassPointers               = true                                 {lp64_product} {ergonomic}
     bool UseCompressedOops                        = true                                 {lp64_product} {ergonomic}
     bool UseG1GC                                  = true                                      {product} {ergonomic}
     bool UseLargePagesIndividualAllocation        = false                                  {pd product} {ergonomic}

Logging:
Log output configuration:
 #0: stdout all=warning uptime,level,tags
 #1: stderr all=off uptime,level,tags

Environment Variables:
PATH=C:\Program Files (x86)\Microsoft\Edge\Application;C:\Program Files (x86)\Common Files\Oracle\Java\javapath;C:\Windows\system32;C:\Windows;C:\Windows\System32\Wbem;C:\Windows\System32\WindowsPowerShell\v1.0\;C:\Windows\System32\OpenSSH\;C:\Program Files (x86)\Microsoft SQL Server\160\Tools\Binn\;C:\Program Files\Microsoft SQL Server\160\Tools\Binn\;C:\Program Files\Microsoft SQL Server\Client SDK\ODBC\170\Tools\Binn\;C:\Program Files\Microsoft SQL Server\160\DTS\Binn\;C:\Program Files (x86)\Microsoft SQL Server\160\DTS\Binn\;C:\Program Files\Azure Data Studio\bin;C:\Program Files\Git\cmd;C:\Program Files\nodejs\;C:\Program Files\Graphviz\bin;C:\Users\Administrador\AppData\Local\Microsoft\WindowsApps;C:\Users\Administrador\AppData\Roaming\npm;
USERNAME=Administrador
OS=Windows_NT
PROCESSOR_IDENTIFIER=Intel64 Family 6 Model 151 Stepping 5, GenuineIntel



---------------  S Y S T E M  ---------------

OS: Windows 10 , 64 bit Build 19041 (10.0.19041.4717)
OS uptime: 3 days 5:08 hours

CPU:total 2 (initial active 2) (4 cores per cpu, 2 threads per core) family 6 model 151 stepping 5 microcode 0x18, cmov, cx8, fxsr, mmx, sse, sse2, sse3, ssse3, sse4.1, sse4.2, popcnt, avx, avx2, aes, clmul, erms, 3dnowpref, lzcnt, ht, tsc, tscinvbit, bmi1, bmi2, adx, sha, fma

Memory: 4k page, system-wide physical 7907M (485M free)
TotalPageFile size 32483M (AvailPageFile size 5M)
current process WorkingSet (physical memory assigned to process): 286M, peak: 291M
current process commit charge ("private bytes"): 324M, peak: 330M

vm_info: OpenJDK 64-Bit Server VM (11.0.15+0-b2043.56-9505619) for windows-amd64 JRE (11.0.15+0-b2043.56-9505619), built on Jan 19 2023 02:48:00 by "builduser" with unknown MS VC++:1929

END.
